#
# A fatal error has been detected by the Java Runtime Environment:
#
#  SIGSEGV (0xb) at pc=0x00007fff678a695d, pid=64851, tid=775
#
# JRE version: OpenJDK Runtime Environment Temurin-17.0.7+7 (17.0.7+7) (build 17.0.7+7)
# Java VM: OpenJDK 64-Bit Server VM Temurin-17.0.7+7 (17.0.7+7, mixed mode, sharing, tiered, compressed oops, compressed class ptrs, g1 gc, bsd-amd64)
# Problematic frame:
# C  [libsystem_platform.dylib+0x95d]  _platform_memmove$VARIANT$Haswell+0x5d
#
# No core dump will be written. Core dumps have been disabled. To enable core dumping, try "ulimit -c unlimited" before starting Java again
#
# If you would like to submit a bug report, please visit:
#   https://github.com/adoptium/adoptium-support/issues
# The crash happened outside the Java Virtual Machine in native code.
# See problematic frame for where to report the bug.
#

---------------  S U M M A R Y ------------

Command Line: -Dfile.encoding=UTF-8 -XX:+ShowCodeDetailsInExceptionMessages com.onlywar.game.DesktopLauncher

Host: "MacBookAir7,2" x86_64 1800 MHz, 4 cores, 8G, Darwin 19.6.0, macOS 10.15.7 (19H524)
Time: Thu Jun 15 18:58:35 2023 EDT elapsed time: 1.552004 seconds (0d 0h 0m 1s)

---------------  T H R E A D  ---------------

Current thread (0x00007fa84d013c00):  JavaThread "main" [_thread_in_native, id=775, stack(0x00007ffee3b1f000,0x00007ffee431f000)]

Stack: [0x00007ffee3b1f000,0x00007ffee431f000],  sp=0x00007ffee4319500,  free space=8169k
Native frames: (J=compiled Java code, j=interpreted, Vv=VM code, C=native code)
C  [libsystem_platform.dylib+0x95d]  _platform_memmove$VARIANT$Haswell+0x5d
C  [libgdx64.dylib+0x1c82]  Java_com_badlogic_gdx_utils_BufferUtils_copyJni___3FLjava_nio_Buffer_2II+0x62
j  com.badlogic.gdx.utils.BufferUtils.copyJni([FLjava/nio/Buffer;II)V+0
j  com.badlogic.gdx.utils.BufferUtils.copy([FLjava/nio/Buffer;II)V+35
j  com.badlogic.gdx.graphics.glutils.VertexArray.setVertices([FII)V+7
j  com.badlogic.gdx.graphics.Mesh.setVertices([FII)Lcom/badlogic/gdx/graphics/Mesh;+7
j  com.badlogic.gdx.graphics.g2d.SpriteBatch.flush()V+76
j  com.badlogic.gdx.graphics.g2d.SpriteBatch.switchTexture(Lcom/badlogic/gdx/graphics/Texture;)V+1
j  com.badlogic.gdx.graphics.g2d.SpriteBatch.draw(Lcom/badlogic/gdx/graphics/Texture;FFFF)V+33
j  com.badlogic.gdx.graphics.g2d.SpriteBatch.draw(Lcom/badlogic/gdx/graphics/Texture;FF)V+14
j  com.onlywar.game.UI.drawElements()V+84
j  com.onlywar.game.OnlyWar.welcomeScreen()V+180
j  com.onlywar.game.OnlyWar.render()V+11
j  com.badlogic.gdx.backends.lwjgl3.Lwjgl3Window.update()Z+187
j  com.badlogic.gdx.backends.lwjgl3.Lwjgl3Application.loop()V+111
j  com.badlogic.gdx.backends.lwjgl3.Lwjgl3Application.<init>(Lcom/badlogic/gdx/ApplicationListener;Lcom/badlogic/gdx/backends/lwjgl3/Lwjgl3ApplicationConfiguration;)V+269
j  com.onlywar.game.DesktopLauncher.main([Ljava/lang/String;)V+48
v  ~StubRoutines::call_stub
V  [libjvm.dylib+0x51fe16]  _ZN9JavaCalls11call_helperEP9JavaValueRK12methodHandleP17JavaCallArgumentsP10JavaThread+0x2b6
V  [libjvm.dylib+0x582e58]  _ZL17jni_invoke_staticP7JNIEnv_P9JavaValueP8_jobject11JNICallTypeP10_jmethodIDP18JNI_ArgumentPusherP10JavaThread+0x158
V  [libjvm.dylib+0x586348]  jni_CallStaticVoidMethod+0x198
C  [libjli.dylib+0x509d]  JavaMain+0xc1d
C  [libjli.dylib+0x79dc]  __JVMInit_block_invoke+0x4c
C  [Foundation+0x41a85]  __NSBLOCKOPERATION_IS_CALLING_OUT_TO_A_BLOCK__+0x7
C  [Foundation+0x419a6]  -[NSBlockOperation main]+0x50
C  [Foundation+0x41941]  __NSOPERATION_IS_INVOKING_MAIN__+0x11
C  [Foundation+0x40b73]  -[NSOperation start]+0x2d2
C  [Foundation+0x9b0ed]  __NSThreadPerformPerform+0xcc
C  [CoreFoundation+0x83d52]  __CFRUNLOOP_IS_CALLING_OUT_TO_A_SOURCE0_PERFORM_FUNCTION__+0x11
C  [CoreFoundation+0x83cf1]  __CFRunLoopDoSource0+0x67
C  [CoreFoundation+0x83b0b]  __CFRunLoopDoSources0+0xd1
C  [CoreFoundation+0x8283a]  __CFRunLoopRun+0x39f
C  [CoreFoundation+0x81e3e]  CFRunLoopRunSpecific+0x1ce
C  [libjli.dylib+0x6f32]  CreateExecutionEnvironment+0x192
C  [libjli.dylib+0x2955]  JLI_Launch+0x605
C  [java+0xc0e]  main+0x19e
C  [libdyld.dylib+0x1acc9]  start+0x1

Java frames: (J=compiled Java code, j=interpreted, Vv=VM code)
j  com.badlogic.gdx.utils.BufferUtils.copyJni([FLjava/nio/Buffer;II)V+0
j  com.badlogic.gdx.utils.BufferUtils.copy([FLjava/nio/Buffer;II)V+35
j  com.badlogic.gdx.graphics.glutils.VertexArray.setVertices([FII)V+7
j  com.badlogic.gdx.graphics.Mesh.setVertices([FII)Lcom/badlogic/gdx/graphics/Mesh;+7
j  com.badlogic.gdx.graphics.g2d.SpriteBatch.flush()V+76
j  com.badlogic.gdx.graphics.g2d.SpriteBatch.switchTexture(Lcom/badlogic/gdx/graphics/Texture;)V+1
j  com.badlogic.gdx.graphics.g2d.SpriteBatch.draw(Lcom/badlogic/gdx/graphics/Texture;FFFF)V+33
j  com.badlogic.gdx.graphics.g2d.SpriteBatch.draw(Lcom/badlogic/gdx/graphics/Texture;FF)V+14
j  com.onlywar.game.UI.drawElements()V+84
j  com.onlywar.game.OnlyWar.welcomeScreen()V+180
j  com.onlywar.game.OnlyWar.render()V+11
j  com.badlogic.gdx.backends.lwjgl3.Lwjgl3Window.update()Z+187
j  com.badlogic.gdx.backends.lwjgl3.Lwjgl3Application.loop()V+111
j  com.badlogic.gdx.backends.lwjgl3.Lwjgl3Application.<init>(Lcom/badlogic/gdx/ApplicationListener;Lcom/badlogic/gdx/backends/lwjgl3/Lwjgl3ApplicationConfiguration;)V+269
j  com.onlywar.game.DesktopLauncher.main([Ljava/lang/String;)V+48
v  ~StubRoutines::call_stub

siginfo: si_signo: 11 (SIGSEGV), si_code: 1 (SEGV_MAPERR), si_addr: 0x00007fa8503ef000

Register to memory mapping:

RAX=0x00007fa8503ef000 is an unknown value
RBX=0x00007fa84d013ea8 points into unknown readable memory: 0x00007fa84cbee400 | 00 e4 be 4c a8 7f 00 00
RCX=0x00007fa84c5088a8 points into unknown readable memory: 0x0000000000000002 | 02 00 00 00 00 00 00 00
RDX=0x0000000000000030 is an unknown value
RSP=0x00007ffee4319500 is pointing into the stack for thread: 0x00007fa84d013c00
RBP=0x00007ffee4319500 is pointing into the stack for thread: 0x00007fa84d013c00
RSI=0x0000000787f507e8 is pointing into object: [F 
{0x0000000787f507d8} - klass: {type array float}
 - length: 20000
RDI=0x00007fa8503ef000 is an unknown value
R8 =0x0000000000000014 is an unknown value
R9 =0x0000000787f4d300 is an oop: java.nio.DirectByteBuffer 
{0x0000000787f4d300} - klass: 'java/nio/DirectByteBuffer'
 - ---- fields (total size 8 words):
 - private 'mark' 'I' @12  -1 (ffffffff)
 - 'address' 'J' @16  140360877535232 (503ef000 7fa8)
 - private 'position' 'I' @24  8
 - private 'limit' 'I' @28  80 (50)
 - private 'capacity' 'I' @32  80000 (13880)
 - final 'segment' 'Ljdk/internal/access/foreign/MemorySegmentProxy;' @36  NULL (0)
 - final 'offset' 'I' @40  0
 - 'isReadOnly' 'Z' @44  false
 - 'bigEndian' 'Z' @45  false
 - 'nativeByteOrder' 'Z' @46  true
 - final 'hb' '[B' @48  NULL (0)
 - private final 'isSync' 'Z' @47  false
 - private final 'fd' 'Ljava/io/FileDescriptor;' @52  NULL (0)
 - private final 'att' 'Ljava/lang/Object;' @56  NULL (0)
 - private final 'cleaner' 'Ljdk/internal/ref/Cleaner;' @60  NULL (0)
R10=0x0000000000000010 is an unknown value
R11=0x00007fa0c849e818 is an unknown value
R12=0x0000000787f507e8 is pointing into object: [F 
{0x0000000787f507d8} - klass: {type array float}
 - length: 20000
R13=0x00007fa8503ef000 is an unknown value
R14=0x00007ffee43195f0 is pointing into the stack for thread: 0x00007fa84d013c00
R15=0x0000000000000050 is an unknown value


Registers:
RAX=0x00007fa8503ef000, RBX=0x00007fa84d013ea8, RCX=0x00007fa84c5088a8, RDX=0x0000000000000030
RSP=0x00007ffee4319500, RBP=0x00007ffee4319500, RSI=0x0000000787f507e8, RDI=0x00007fa8503ef000
R8 =0x0000000000000014, R9 =0x0000000787f4d300, R10=0x0000000000000010, R11=0x00007fa0c849e818
R12=0x0000000787f507e8, R13=0x00007fa8503ef000, R14=0x00007ffee43195f0, R15=0x0000000000000050
RIP=0x00007fff678a695d, EFLAGS=0x0000000000010206, ERR=0x0000000000000006
  TRAPNO=0x000000000000000e

Top of Stack: (sp=0x00007ffee4319500)
0x00007ffee4319500:   00007ffee4319540 0000000119bb6c82
0x00007ffee4319510:   0000000019bb6c20 000000012b6afab8
0x00007ffee4319520:   0000000000000000 000000012b6afab8
0x00007ffee4319530:   00007ffee43195f0 00007fa84d013c00
0x00007ffee4319540:   00007ffee43195b8 000000012142a53a
0x00007ffee4319550:   0000000787f4d300 0000000000000003
0x00007ffee4319560:   00007ffee43195d8 000000012142623e
0x00007ffee4319570:   00007ffee4319570 0000000000000000
0x00007ffee4319580:   00007ffee43195f0 000000012b6b0b50
0x00007ffee4319590:   0000000000000000 0000000787250268
0x00007ffee43195a0:   000000012b6afab8 0000000000000000
0x00007ffee43195b0:   00007ffee43195d8 00007ffee4319640
0x00007ffee43195c0:   000000012142642b 0000000787250268
0x00007ffee43195d0:   0000000121427f78 0000000000000000
0x00007ffee43195e0:   0000000000000014 0000000787f4d300
0x00007ffee43195f0:   0000000787f507d8 00007ffee43195f8
0x00007ffee4319600:   000000012b6acf0b 00007ffee4319668
0x00007ffee4319610:   000000012b6b0b50 0000000000000000
0x00007ffee4319620:   0000000787250268 000000012b6acf50
0x00007ffee4319630:   00007ffee43195d8 00007ffee4319650
0x00007ffee4319640:   00007ffee43196b8 000000012142642b
0x00007ffee4319650:   0000000000000000 0000000000000014
0x00007ffee4319660:   0000000787f4d300 0000000787f507d8
0x00007ffee4319670:   00007ffee4319670 000000012b6ed9a7
0x00007ffee4319680:   00007ffee43196e0 000000012b6ee260
0x00007ffee4319690:   0000000000000000 0000000787f4d118
0x00007ffee43196a0:   000000012b6ed9f8 00007ffee4319650
0x00007ffee43196b0:   00007ffee43196c8 00007ffee4319730
0x00007ffee43196c0:   000000012142688f 0000000000000014
0x00007ffee43196d0:   0000000000000000 0000000787f507d8
0x00007ffee43196e0:   0000000787f4d240 00007ffee43196e8
0x00007ffee43196f0:   000000012b6e288f 00007ffee4319758 

Instructions: (pc=0x00007fff678a695d)
0x00007fff678a685d:   c1 66 0f 74 ca 66 0f df c8 66 0f d7 c1 48 83 c1
0x00007fff678a686d:   10 3d ff ff 00 00 75 60 4c 39 c9 75 d6 4c 01 cf
0x00007fff678a687d:   4c 01 ce 48 31 c9 48 0f b6 07 4c 0f b6 06 48 ff
0x00007fff678a688d:   c7 48 ff c6 4c 29 c0 75 95 4d 85 c0 74 90 48 f7
0x00007fff678a689d:   c7 0f 00 00 00 75 df 49 c7 c1 f0 0f 00 00 eb a3
0x00007fff678a68ad:   0f 1f 00 66 0f 6f 04 0f f3 0f 6f 0c 0e 66 0f 74
0x00007fff678a68bd:   c1 66 0f 74 ca 66 0f df c8 66 0f d7 c1 48 83 c1
0x00007fff678a68cd:   10 3d ff ff 00 00 74 db f7 d0 0f bc c0 48 01 c1
0x00007fff678a68dd:   48 0f b6 44 0f f0 4c 0f b6 44 0e f0 4c 29 c0 5d
0x00007fff678a68ed:   c3 90 90 90 90 90 90 90 90 90 90 90 90 90 90 90
0x00007fff678a68fd:   90 90 90 55 48 89 e5 49 89 fb 49 29 f3 48 89 f8
0x00007fff678a690d:   49 39 d3 72 1b 48 83 fa 60 76 2f 48 81 fa 00 40
0x00007fff678a691d:   00 00 0f 82 cb 00 00 00 48 89 d1 fc f3 a4 5d c3
0x00007fff678a692d:   48 39 fe 74 f9 48 01 d6 48 01 d7 48 83 fa 60 0f
0x00007fff678a693d:   82 8c 01 00 00 e9 a9 01 00 00 48 83 fa 10 76 56
0x00007fff678a694d:   c5 f8 10 4c 16 f0 48 83 ea 20 76 2a c5 fc 10 06
0x00007fff678a695d:   c5 fc 11 07 48 83 c6 20 48 83 c7 20 48 83 ea 20
0x00007fff678a696d:   72 14 c5 fc 10 06 c5 fc 11 07 48 83 c6 20 48 83
0x00007fff678a697d:   c7 20 48 83 ea 20 48 83 c2 10 7e 0c c5 f8 10 06
0x00007fff678a698d:   c5 f8 11 07 c5 f8 57 c0 c5 f8 11 0c 17 c5 f0 57
0x00007fff678a699d:   c9 5d c5 f8 77 c3 48 83 ea 08 72 10 48 8b 0e 4c
0x00007fff678a69ad:   8b 04 16 48 89 0f 4c 89 04 17 5d c3 48 83 c2 08
0x00007fff678a69bd:   74 25 4d 31 c0 42 8a 0c 06 42 88 0c 07 48 83 ea
0x00007fff678a69cd:   01 74 14 42 8a 4c 06 01 42 88 4c 07 01 49 83 c0
0x00007fff678a69dd:   02 48 83 ea 01 75 de 5d c3 66 2e 0f 1f 84 00 00
0x00007fff678a69ed:   00 00 00 c5 fc 10 06 48 83 c7 20 48 83 e7 e0 48
0x00007fff678a69fd:   89 f9 48 29 c1 48 01 ce 48 29 ca c5 fc 10 0e c5
0x00007fff678a6a0d:   fc 11 00 c5 fc 57 c0 c5 fc 10 56 20 48 83 c6 40
0x00007fff678a6a1d:   48 81 ea 80 00 00 00 76 5a 48 f7 c6 1f 00 00 00
0x00007fff678a6a2d:   74 31 c5 fc 29 0f c5 fc 29 57 20 48 83 c7 40 c5
0x00007fff678a6a3d:   fc 10 0e c5 fc 10 56 20 48 83 c6 40 48 83 ea 40
0x00007fff678a6a4d:   77 e0 eb 2f 66 2e 0f 1f 84 00 00 00 00 00 0f 1f 


Stack slot to memory mapping:
stack at sp + 0 slots: 0x00007ffee4319540 is pointing into the stack for thread: 0x00007fa84d013c00
stack at sp + 1 slots: 0x0000000119bb6c82: Java_com_badlogic_gdx_utils_BufferUtils_copyJni___3FLjava_nio_Buffer_2II+0x62 in /private/var/folders/0h/s2531gr9263g01c6jyyz7z_m0000gp/T/libgdxmatthewpadilla/21f66466/libgdx64.dylib at 0x0000000119bb5000
stack at sp + 2 slots: 0x0000000019bb6c20 is an unknown value
stack at sp + 3 slots: {method} {0x000000012b6afab8} 'copyJni' '([FLjava/nio/Buffer;II)V' in 'com/badlogic/gdx/utils/BufferUtils'
stack at sp + 4 slots: 0x0 is NULL
stack at sp + 5 slots: {method} {0x000000012b6afab8} 'copyJni' '([FLjava/nio/Buffer;II)V' in 'com/badlogic/gdx/utils/BufferUtils'
stack at sp + 6 slots: 0x00007ffee43195f0 is pointing into the stack for thread: 0x00007fa84d013c00
stack at sp + 7 slots: 0x00007fa84d013c00 is a thread


---------------  P R O C E S S  ---------------

Threads class SMR info:
_java_thread_list=0x00007fa84c507500, length=11, elements={
0x00007fa84d013c00, 0x00007fa84c809800, 0x00007fa84c809000, 0x00007fa84d82a000,
0x00007fa84d8b1e00, 0x00007fa84f010c00, 0x00007fa84f011a00, 0x00007fa84f012000,
0x00007fa84f012600, 0x00007fa84d8af600, 0x00007fa84c80a800
}

Java Threads: ( => current thread )
=>0x00007fa84d013c00 JavaThread "main" [_thread_in_native, id=775, stack(0x00007ffee3b1f000,0x00007ffee431f000)]
  0x00007fa84c809800 JavaThread "Reference Handler" daemon [_thread_blocked, id=17155, stack(0x0000700003343000,0x0000700003443000)]
  0x00007fa84c809000 JavaThread "Finalizer" daemon [_thread_blocked, id=16643, stack(0x0000700003446000,0x0000700003546000)]
  0x00007fa84d82a000 JavaThread "Signal Dispatcher" daemon [_thread_blocked, id=42499, stack(0x000070000364f000,0x000070000374f000)]
  0x00007fa84d8b1e00 JavaThread "Service Thread" daemon [_thread_blocked, id=23043, stack(0x0000700003752000,0x0000700003852000)]
  0x00007fa84f010c00 JavaThread "Monitor Deflation Thread" daemon [_thread_blocked, id=23555, stack(0x0000700003855000,0x0000700003955000)]
  0x00007fa84f011a00 JavaThread "C2 CompilerThread0" daemon [_thread_in_vm, id=24067, stack(0x0000700003958000,0x0000700003a58000)]
  0x00007fa84f012000 JavaThread "C1 CompilerThread0" daemon [_thread_blocked, id=41987, stack(0x0000700003a5b000,0x0000700003b5b000)]
  0x00007fa84f012600 JavaThread "Sweeper thread" daemon [_thread_blocked, id=24835, stack(0x0000700003b5e000,0x0000700003c5e000)]
  0x00007fa84d8af600 JavaThread "Notification Thread" daemon [_thread_blocked, id=41475, stack(0x0000700003c61000,0x0000700003d61000)]
  0x00007fa84c80a800 JavaThread "Common-Cleaner" daemon [_thread_blocked, id=40707, stack(0x0000700003e67000,0x0000700003f67000)]

Other Threads:
  0x00007fa84c517f90 VMThread "VM Thread" [stack: 0x0000700003240000,0x0000700003340000] [id=17923]
  0x00007fa84e011830 WatcherThread [stack: 0x0000700003d64000,0x0000700003e64000] [id=40963]
  0x00007fa84c719810 GCTaskThread "GC Thread#0" [stack: 0x0000700002d31000,0x0000700002e31000] [id=20227]
  0x00007fa84e05f5b0 GCTaskThread "GC Thread#1" [stack: 0x000070000427c000,0x000070000437c000] [id=73499]
  0x00007fa84c7d22b0 GCTaskThread "GC Thread#2" [stack: 0x000070000437f000,0x000070000447f000] [id=54275]
  0x00007fa84c7d3ee0 GCTaskThread "GC Thread#3" [stack: 0x0000700004482000,0x0000700004582000] [id=54531]
  0x00007fa84c71a620 ConcurrentGCThread "G1 Main Marker" [stack: 0x0000700002e34000,0x0000700002f34000] [id=19971]
  0x00007fa84c71b380 ConcurrentGCThread "G1 Conc#0" [stack: 0x0000700002f37000,0x0000700003037000] [id=19203]
  0x00007fa84c734a10 ConcurrentGCThread "G1 Refine#0" [stack: 0x000070000303a000,0x000070000313a000] [id=13315]
  0x00007fa84c735780 ConcurrentGCThread "G1 Service" [stack: 0x000070000313d000,0x000070000323d000] [id=13827]

Threads with active compile tasks:
C2 CompilerThread0     1582  737 %     4       java.lang.StringLatin1::inflate @ 3 (34 bytes)

VM state: not at safepoint (normal execution)

VM Mutex/Monitor currently owned by a thread: None

Heap address: 0x0000000780000000, size: 2048 MB, Compressed Oops mode: Zero based, Oop shift amount: 3

CDS archive(s) mapped at: [0x0000000800000000-0x0000000800bd2000-0x0000000800bd2000), size 12394496, SharedBaseAddress: 0x0000000800000000, ArchiveRelocationMode: 0.
Compressed class space mapped at: 0x0000000801000000-0x0000000841000000, reserved size: 1073741824
Narrow klass base: 0x0000000800000000, Narrow klass shift: 0, Narrow klass range: 0x100000000

GC Precious Log:
 CPUs: 4 total, 4 available
 Memory: 8192M
 Large Page Support: Disabled
 NUMA Support: Disabled
 Compressed Oops: Enabled (Zero based)
 Heap Region Size: 1M
 Heap Min Capacity: 8M
 Heap Initial Capacity: 128M
 Heap Max Capacity: 2G
 Pre-touch: Disabled
 Parallel Workers: 4
 Concurrent Workers: 1
 Concurrent Refinement Workers: 4
 Periodic GC: Disabled

Heap:
 garbage-first heap   total 133120K, used 5388K [0x0000000780000000, 0x0000000800000000)
  region size 1024K, 6 young (6144K), 2 survivors (2048K)
 Metaspace       used 5138K, committed 5312K, reserved 1114112K
  class space    used 347K, committed 448K, reserved 1048576K

Heap Regions: E=young(eden), S=young(survivor), O=old, HS=humongous(starts), HC=humongous(continues), CS=collection set, F=free, OA=open archive, CA=closed archive, TAMS=top-at-mark-start (previous, next)
|   0|0x0000000780000000, 0x0000000780000000, 0x0000000780100000|  0%| F|  |TAMS 0x0000000780000000, 0x0000000780000000| Untracked 
|   1|0x0000000780100000, 0x0000000780100000, 0x0000000780200000|  0%| F|  |TAMS 0x0000000780100000, 0x0000000780100000| Untracked 
|   2|0x0000000780200000, 0x0000000780200000, 0x0000000780300000|  0%| F|  |TAMS 0x0000000780200000, 0x0000000780200000| Untracked 
|   3|0x0000000780300000, 0x0000000780300000, 0x0000000780400000|  0%| F|  |TAMS 0x0000000780300000, 0x0000000780300000| Untracked 
|   4|0x0000000780400000, 0x0000000780400000, 0x0000000780500000|  0%| F|  |TAMS 0x0000000780400000, 0x0000000780400000| Untracked 
|   5|0x0000000780500000, 0x0000000780500000, 0x0000000780600000|  0%| F|  |TAMS 0x0000000780500000, 0x0000000780500000| Untracked 
|   6|0x0000000780600000, 0x0000000780600000, 0x0000000780700000|  0%| F|  |TAMS 0x0000000780600000, 0x0000000780600000| Untracked 
|   7|0x0000000780700000, 0x0000000780700000, 0x0000000780800000|  0%| F|  |TAMS 0x0000000780700000, 0x0000000780700000| Untracked 
|   8|0x0000000780800000, 0x0000000780800000, 0x0000000780900000|  0%| F|  |TAMS 0x0000000780800000, 0x0000000780800000| Untracked 
|   9|0x0000000780900000, 0x0000000780900000, 0x0000000780a00000|  0%| F|  |TAMS 0x0000000780900000, 0x0000000780900000| Untracked 
|  10|0x0000000780a00000, 0x0000000780a00000, 0x0000000780b00000|  0%| F|  |TAMS 0x0000000780a00000, 0x0000000780a00000| Untracked 
|  11|0x0000000780b00000, 0x0000000780b00000, 0x0000000780c00000|  0%| F|  |TAMS 0x0000000780b00000, 0x0000000780b00000| Untracked 
|  12|0x0000000780c00000, 0x0000000780c00000, 0x0000000780d00000|  0%| F|  |TAMS 0x0000000780c00000, 0x0000000780c00000| Untracked 
|  13|0x0000000780d00000, 0x0000000780d00000, 0x0000000780e00000|  0%| F|  |TAMS 0x0000000780d00000, 0x0000000780d00000| Untracked 
|  14|0x0000000780e00000, 0x0000000780e00000, 0x0000000780f00000|  0%| F|  |TAMS 0x0000000780e00000, 0x0000000780e00000| Untracked 
|  15|0x0000000780f00000, 0x0000000780f00000, 0x0000000781000000|  0%| F|  |TAMS 0x0000000780f00000, 0x0000000780f00000| Untracked 
|  16|0x0000000781000000, 0x0000000781000000, 0x0000000781100000|  0%| F|  |TAMS 0x0000000781000000, 0x0000000781000000| Untracked 
|  17|0x0000000781100000, 0x0000000781100000, 0x0000000781200000|  0%| F|  |TAMS 0x0000000781100000, 0x0000000781100000| Untracked 
|  18|0x0000000781200000, 0x0000000781200000, 0x0000000781300000|  0%| F|  |TAMS 0x0000000781200000, 0x0000000781200000| Untracked 
|  19|0x0000000781300000, 0x0000000781300000, 0x0000000781400000|  0%| F|  |TAMS 0x0000000781300000, 0x0000000781300000| Untracked 
|  20|0x0000000781400000, 0x0000000781400000, 0x0000000781500000|  0%| F|  |TAMS 0x0000000781400000, 0x0000000781400000| Untracked 
|  21|0x0000000781500000, 0x0000000781500000, 0x0000000781600000|  0%| F|  |TAMS 0x0000000781500000, 0x0000000781500000| Untracked 
|  22|0x0000000781600000, 0x0000000781600000, 0x0000000781700000|  0%| F|  |TAMS 0x0000000781600000, 0x0000000781600000| Untracked 
|  23|0x0000000781700000, 0x0000000781700000, 0x0000000781800000|  0%| F|  |TAMS 0x0000000781700000, 0x0000000781700000| Untracked 
|  24|0x0000000781800000, 0x0000000781800000, 0x0000000781900000|  0%| F|  |TAMS 0x0000000781800000, 0x0000000781800000| Untracked 
|  25|0x0000000781900000, 0x0000000781900000, 0x0000000781a00000|  0%| F|  |TAMS 0x0000000781900000, 0x0000000781900000| Untracked 
|  26|0x0000000781a00000, 0x0000000781a00000, 0x0000000781b00000|  0%| F|  |TAMS 0x0000000781a00000, 0x0000000781a00000| Untracked 
|  27|0x0000000781b00000, 0x0000000781b00000, 0x0000000781c00000|  0%| F|  |TAMS 0x0000000781b00000, 0x0000000781b00000| Untracked 
|  28|0x0000000781c00000, 0x0000000781c00000, 0x0000000781d00000|  0%| F|  |TAMS 0x0000000781c00000, 0x0000000781c00000| Untracked 
|  29|0x0000000781d00000, 0x0000000781d00000, 0x0000000781e00000|  0%| F|  |TAMS 0x0000000781d00000, 0x0000000781d00000| Untracked 
|  30|0x0000000781e00000, 0x0000000781e00000, 0x0000000781f00000|  0%| F|  |TAMS 0x0000000781e00000, 0x0000000781e00000| Untracked 
|  31|0x0000000781f00000, 0x0000000781f00000, 0x0000000782000000|  0%| F|  |TAMS 0x0000000781f00000, 0x0000000781f00000| Untracked 
|  32|0x0000000782000000, 0x0000000782000000, 0x0000000782100000|  0%| F|  |TAMS 0x0000000782000000, 0x0000000782000000| Untracked 
|  33|0x0000000782100000, 0x0000000782100000, 0x0000000782200000|  0%| F|  |TAMS 0x0000000782100000, 0x0000000782100000| Untracked 
|  34|0x0000000782200000, 0x0000000782200000, 0x0000000782300000|  0%| F|  |TAMS 0x0000000782200000, 0x0000000782200000| Untracked 
|  35|0x0000000782300000, 0x0000000782300000, 0x0000000782400000|  0%| F|  |TAMS 0x0000000782300000, 0x0000000782300000| Untracked 
|  36|0x0000000782400000, 0x0000000782400000, 0x0000000782500000|  0%| F|  |TAMS 0x0000000782400000, 0x0000000782400000| Untracked 
|  37|0x0000000782500000, 0x0000000782500000, 0x0000000782600000|  0%| F|  |TAMS 0x0000000782500000, 0x0000000782500000| Untracked 
|  38|0x0000000782600000, 0x0000000782600000, 0x0000000782700000|  0%| F|  |TAMS 0x0000000782600000, 0x0000000782600000| Untracked 
|  39|0x0000000782700000, 0x0000000782700000, 0x0000000782800000|  0%| F|  |TAMS 0x0000000782700000, 0x0000000782700000| Untracked 
|  40|0x0000000782800000, 0x0000000782800000, 0x0000000782900000|  0%| F|  |TAMS 0x0000000782800000, 0x0000000782800000| Untracked 
|  41|0x0000000782900000, 0x0000000782900000, 0x0000000782a00000|  0%| F|  |TAMS 0x0000000782900000, 0x0000000782900000| Untracked 
|  42|0x0000000782a00000, 0x0000000782a00000, 0x0000000782b00000|  0%| F|  |TAMS 0x0000000782a00000, 0x0000000782a00000| Untracked 
|  43|0x0000000782b00000, 0x0000000782b00000, 0x0000000782c00000|  0%| F|  |TAMS 0x0000000782b00000, 0x0000000782b00000| Untracked 
|  44|0x0000000782c00000, 0x0000000782c00000, 0x0000000782d00000|  0%| F|  |TAMS 0x0000000782c00000, 0x0000000782c00000| Untracked 
|  45|0x0000000782d00000, 0x0000000782d00000, 0x0000000782e00000|  0%| F|  |TAMS 0x0000000782d00000, 0x0000000782d00000| Untracked 
|  46|0x0000000782e00000, 0x0000000782e00000, 0x0000000782f00000|  0%| F|  |TAMS 0x0000000782e00000, 0x0000000782e00000| Untracked 
|  47|0x0000000782f00000, 0x0000000782f00000, 0x0000000783000000|  0%| F|  |TAMS 0x0000000782f00000, 0x0000000782f00000| Untracked 
|  48|0x0000000783000000, 0x0000000783000000, 0x0000000783100000|  0%| F|  |TAMS 0x0000000783000000, 0x0000000783000000| Untracked 
|  49|0x0000000783100000, 0x0000000783100000, 0x0000000783200000|  0%| F|  |TAMS 0x0000000783100000, 0x0000000783100000| Untracked 
|  50|0x0000000783200000, 0x0000000783200000, 0x0000000783300000|  0%| F|  |TAMS 0x0000000783200000, 0x0000000783200000| Untracked 
|  51|0x0000000783300000, 0x0000000783300000, 0x0000000783400000|  0%| F|  |TAMS 0x0000000783300000, 0x0000000783300000| Untracked 
|  52|0x0000000783400000, 0x0000000783400000, 0x0000000783500000|  0%| F|  |TAMS 0x0000000783400000, 0x0000000783400000| Untracked 
|  53|0x0000000783500000, 0x0000000783500000, 0x0000000783600000|  0%| F|  |TAMS 0x0000000783500000, 0x0000000783500000| Untracked 
|  54|0x0000000783600000, 0x0000000783600000, 0x0000000783700000|  0%| F|  |TAMS 0x0000000783600000, 0x0000000783600000| Untracked 
|  55|0x0000000783700000, 0x0000000783700000, 0x0000000783800000|  0%| F|  |TAMS 0x0000000783700000, 0x0000000783700000| Untracked 
|  56|0x0000000783800000, 0x0000000783800000, 0x0000000783900000|  0%| F|  |TAMS 0x0000000783800000, 0x0000000783800000| Untracked 
|  57|0x0000000783900000, 0x0000000783900000, 0x0000000783a00000|  0%| F|  |TAMS 0x0000000783900000, 0x0000000783900000| Untracked 
|  58|0x0000000783a00000, 0x0000000783a00000, 0x0000000783b00000|  0%| F|  |TAMS 0x0000000783a00000, 0x0000000783a00000| Untracked 
|  59|0x0000000783b00000, 0x0000000783b00000, 0x0000000783c00000|  0%| F|  |TAMS 0x0000000783b00000, 0x0000000783b00000| Untracked 
|  60|0x0000000783c00000, 0x0000000783c00000, 0x0000000783d00000|  0%| F|  |TAMS 0x0000000783c00000, 0x0000000783c00000| Untracked 
|  61|0x0000000783d00000, 0x0000000783d00000, 0x0000000783e00000|  0%| F|  |TAMS 0x0000000783d00000, 0x0000000783d00000| Untracked 
|  62|0x0000000783e00000, 0x0000000783e00000, 0x0000000783f00000|  0%| F|  |TAMS 0x0000000783e00000, 0x0000000783e00000| Untracked 
|  63|0x0000000783f00000, 0x0000000783f00000, 0x0000000784000000|  0%| F|  |TAMS 0x0000000783f00000, 0x0000000783f00000| Untracked 
|  64|0x0000000784000000, 0x0000000784000000, 0x0000000784100000|  0%| F|  |TAMS 0x0000000784000000, 0x0000000784000000| Untracked 
|  65|0x0000000784100000, 0x0000000784100000, 0x0000000784200000|  0%| F|  |TAMS 0x0000000784100000, 0x0000000784100000| Untracked 
|  66|0x0000000784200000, 0x0000000784200000, 0x0000000784300000|  0%| F|  |TAMS 0x0000000784200000, 0x0000000784200000| Untracked 
|  67|0x0000000784300000, 0x0000000784300000, 0x0000000784400000|  0%| F|  |TAMS 0x0000000784300000, 0x0000000784300000| Untracked 
|  68|0x0000000784400000, 0x0000000784400000, 0x0000000784500000|  0%| F|  |TAMS 0x0000000784400000, 0x0000000784400000| Untracked 
|  69|0x0000000784500000, 0x0000000784500000, 0x0000000784600000|  0%| F|  |TAMS 0x0000000784500000, 0x0000000784500000| Untracked 
|  70|0x0000000784600000, 0x0000000784600000, 0x0000000784700000|  0%| F|  |TAMS 0x0000000784600000, 0x0000000784600000| Untracked 
|  71|0x0000000784700000, 0x0000000784700000, 0x0000000784800000|  0%| F|  |TAMS 0x0000000784700000, 0x0000000784700000| Untracked 
|  72|0x0000000784800000, 0x0000000784800000, 0x0000000784900000|  0%| F|  |TAMS 0x0000000784800000, 0x0000000784800000| Untracked 
|  73|0x0000000784900000, 0x0000000784900000, 0x0000000784a00000|  0%| F|  |TAMS 0x0000000784900000, 0x0000000784900000| Untracked 
|  74|0x0000000784a00000, 0x0000000784a00000, 0x0000000784b00000|  0%| F|  |TAMS 0x0000000784a00000, 0x0000000784a00000| Untracked 
|  75|0x0000000784b00000, 0x0000000784b00000, 0x0000000784c00000|  0%| F|  |TAMS 0x0000000784b00000, 0x0000000784b00000| Untracked 
|  76|0x0000000784c00000, 0x0000000784c00000, 0x0000000784d00000|  0%| F|  |TAMS 0x0000000784c00000, 0x0000000784c00000| Untracked 
|  77|0x0000000784d00000, 0x0000000784d00000, 0x0000000784e00000|  0%| F|  |TAMS 0x0000000784d00000, 0x0000000784d00000| Untracked 
|  78|0x0000000784e00000, 0x0000000784e00000, 0x0000000784f00000|  0%| F|  |TAMS 0x0000000784e00000, 0x0000000784e00000| Untracked 
|  79|0x0000000784f00000, 0x0000000784f00000, 0x0000000785000000|  0%| F|  |TAMS 0x0000000784f00000, 0x0000000784f00000| Untracked 
|  80|0x0000000785000000, 0x0000000785000000, 0x0000000785100000|  0%| F|  |TAMS 0x0000000785000000, 0x0000000785000000| Untracked 
|  81|0x0000000785100000, 0x0000000785100000, 0x0000000785200000|  0%| F|  |TAMS 0x0000000785100000, 0x0000000785100000| Untracked 
|  82|0x0000000785200000, 0x0000000785200000, 0x0000000785300000|  0%| F|  |TAMS 0x0000000785200000, 0x0000000785200000| Untracked 
|  83|0x0000000785300000, 0x0000000785300000, 0x0000000785400000|  0%| F|  |TAMS 0x0000000785300000, 0x0000000785300000| Untracked 
|  84|0x0000000785400000, 0x0000000785400000, 0x0000000785500000|  0%| F|  |TAMS 0x0000000785400000, 0x0000000785400000| Untracked 
|  85|0x0000000785500000, 0x0000000785500000, 0x0000000785600000|  0%| F|  |TAMS 0x0000000785500000, 0x0000000785500000| Untracked 
|  86|0x0000000785600000, 0x0000000785600000, 0x0000000785700000|  0%| F|  |TAMS 0x0000000785600000, 0x0000000785600000| Untracked 
|  87|0x0000000785700000, 0x0000000785700000, 0x0000000785800000|  0%| F|  |TAMS 0x0000000785700000, 0x0000000785700000| Untracked 
|  88|0x0000000785800000, 0x0000000785800000, 0x0000000785900000|  0%| F|  |TAMS 0x0000000785800000, 0x0000000785800000| Untracked 
|  89|0x0000000785900000, 0x0000000785900000, 0x0000000785a00000|  0%| F|  |TAMS 0x0000000785900000, 0x0000000785900000| Untracked 
|  90|0x0000000785a00000, 0x0000000785a00000, 0x0000000785b00000|  0%| F|  |TAMS 0x0000000785a00000, 0x0000000785a00000| Untracked 
|  91|0x0000000785b00000, 0x0000000785b00000, 0x0000000785c00000|  0%| F|  |TAMS 0x0000000785b00000, 0x0000000785b00000| Untracked 
|  92|0x0000000785c00000, 0x0000000785c00000, 0x0000000785d00000|  0%| F|  |TAMS 0x0000000785c00000, 0x0000000785c00000| Untracked 
|  93|0x0000000785d00000, 0x0000000785d00000, 0x0000000785e00000|  0%| F|  |TAMS 0x0000000785d00000, 0x0000000785d00000| Untracked 
|  94|0x0000000785e00000, 0x0000000785e00000, 0x0000000785f00000|  0%| F|  |TAMS 0x0000000785e00000, 0x0000000785e00000| Untracked 
|  95|0x0000000785f00000, 0x0000000785f00000, 0x0000000786000000|  0%| F|  |TAMS 0x0000000785f00000, 0x0000000785f00000| Untracked 
|  96|0x0000000786000000, 0x0000000786000000, 0x0000000786100000|  0%| F|  |TAMS 0x0000000786000000, 0x0000000786000000| Untracked 
|  97|0x0000000786100000, 0x0000000786100000, 0x0000000786200000|  0%| F|  |TAMS 0x0000000786100000, 0x0000000786100000| Untracked 
|  98|0x0000000786200000, 0x0000000786200000, 0x0000000786300000|  0%| F|  |TAMS 0x0000000786200000, 0x0000000786200000| Untracked 
|  99|0x0000000786300000, 0x0000000786300000, 0x0000000786400000|  0%| F|  |TAMS 0x0000000786300000, 0x0000000786300000| Untracked 
| 100|0x0000000786400000, 0x0000000786400000, 0x0000000786500000|  0%| F|  |TAMS 0x0000000786400000, 0x0000000786400000| Untracked 
| 101|0x0000000786500000, 0x0000000786500000, 0x0000000786600000|  0%| F|  |TAMS 0x0000000786500000, 0x0000000786500000| Untracked 
| 102|0x0000000786600000, 0x0000000786600000, 0x0000000786700000|  0%| F|  |TAMS 0x0000000786600000, 0x0000000786600000| Untracked 
| 103|0x0000000786700000, 0x0000000786700000, 0x0000000786800000|  0%| F|  |TAMS 0x0000000786700000, 0x0000000786700000| Untracked 
| 104|0x0000000786800000, 0x0000000786800000, 0x0000000786900000|  0%| F|  |TAMS 0x0000000786800000, 0x0000000786800000| Untracked 
| 105|0x0000000786900000, 0x0000000786900000, 0x0000000786a00000|  0%| F|  |TAMS 0x0000000786900000, 0x0000000786900000| Untracked 
| 106|0x0000000786a00000, 0x0000000786a00000, 0x0000000786b00000|  0%| F|  |TAMS 0x0000000786a00000, 0x0000000786a00000| Untracked 
| 107|0x0000000786b00000, 0x0000000786b00000, 0x0000000786c00000|  0%| F|  |TAMS 0x0000000786b00000, 0x0000000786b00000| Untracked 
| 108|0x0000000786c00000, 0x0000000786c00000, 0x0000000786d00000|  0%| F|  |TAMS 0x0000000786c00000, 0x0000000786c00000| Untracked 
| 109|0x0000000786d00000, 0x0000000786d00000, 0x0000000786e00000|  0%| F|  |TAMS 0x0000000786d00000, 0x0000000786d00000| Untracked 
| 110|0x0000000786e00000, 0x0000000786e00000, 0x0000000786f00000|  0%| F|  |TAMS 0x0000000786e00000, 0x0000000786e00000| Untracked 
| 111|0x0000000786f00000, 0x0000000786f00000, 0x0000000787000000|  0%| F|  |TAMS 0x0000000786f00000, 0x0000000786f00000| Untracked 
| 112|0x0000000787000000, 0x0000000787000000, 0x0000000787100000|  0%| F|  |TAMS 0x0000000787000000, 0x0000000787000000| Untracked 
| 113|0x0000000787100000, 0x000000078714e070, 0x0000000787200000| 30%| S|CS|TAMS 0x0000000787100000, 0x0000000787100000| Complete 
| 114|0x0000000787200000, 0x0000000787300000, 0x0000000787300000|100%| S|CS|TAMS 0x0000000787200000, 0x0000000787200000| Complete 
| 115|0x0000000787300000, 0x0000000787300000, 0x0000000787400000|  0%| F|  |TAMS 0x0000000787300000, 0x0000000787300000| Untracked 
| 116|0x0000000787400000, 0x0000000787400000, 0x0000000787500000|  0%| F|  |TAMS 0x0000000787400000, 0x0000000787400000| Untracked 
| 117|0x0000000787500000, 0x0000000787500000, 0x0000000787600000|  0%| F|  |TAMS 0x0000000787500000, 0x0000000787500000| Untracked 
| 118|0x0000000787600000, 0x0000000787600000, 0x0000000787700000|  0%| F|  |TAMS 0x0000000787600000, 0x0000000787600000| Untracked 
| 119|0x0000000787700000, 0x0000000787700000, 0x0000000787800000|  0%| F|  |TAMS 0x0000000787700000, 0x0000000787700000| Untracked 
| 120|0x0000000787800000, 0x0000000787800000, 0x0000000787900000|  0%| F|  |TAMS 0x0000000787800000, 0x0000000787800000| Untracked 
| 121|0x0000000787900000, 0x0000000787900000, 0x0000000787a00000|  0%| F|  |TAMS 0x0000000787900000, 0x0000000787900000| Untracked 
| 122|0x0000000787a00000, 0x0000000787a00000, 0x0000000787b00000|  0%| F|  |TAMS 0x0000000787a00000, 0x0000000787a00000| Untracked 
| 123|0x0000000787b00000, 0x0000000787b00000, 0x0000000787c00000|  0%| F|  |TAMS 0x0000000787b00000, 0x0000000787b00000| Untracked 
| 124|0x0000000787c00000, 0x0000000787cdcce0, 0x0000000787d00000| 86%| E|  |TAMS 0x0000000787c00000, 0x0000000787c00000| Complete 
| 125|0x0000000787d00000, 0x0000000787e00000, 0x0000000787e00000|100%| E|CS|TAMS 0x0000000787d00000, 0x0000000787d00000| Complete 
| 126|0x0000000787e00000, 0x0000000787f00000, 0x0000000787f00000|100%| E|CS|TAMS 0x0000000787e00000, 0x0000000787e00000| Complete 
| 127|0x0000000787f00000, 0x0000000788000000, 0x0000000788000000|100%| E|CS|TAMS 0x0000000787f00000, 0x0000000787f00000| Complete 
|2046|0x00000007ffe00000, 0x00000007ffe76000, 0x00000007fff00000| 46%|OA|  |TAMS 0x00000007ffe00000, 0x00000007ffe00000| Untracked 
|2047|0x00000007fff00000, 0x00000007fff7f000, 0x0000000800000000| 49%|CA|  |TAMS 0x00000007fff00000, 0x00000007fff00000| Untracked 

Card table byte_map: [0x0000000115386000,0x0000000115786000] _byte_map_base: 0x0000000111786000

Marking Bits (Prev, Next): (CMBitMap*) 0x00007fa84d83c010, (CMBitMap*) 0x00007fa84d83c050
 Prev Bits: [0x0000000115b86000, 0x0000000117b86000)
 Next Bits: [0x0000000117b86000, 0x0000000119b86000)

Polling page: 0x000000010b91b000

Metaspace:

Usage:
  Non-class:      4.68 MB used.
      Class:    347.39 KB used.
       Both:      5.02 MB used.

Virtual space:
  Non-class space:       64.00 MB reserved,       4.75 MB (  7%) committed,  1 nodes.
      Class space:        1.00 GB reserved,     448.00 KB ( <1%) committed,  1 nodes.
             Both:        1.06 GB reserved,       5.19 MB ( <1%) committed. 

Chunk freelists:
   Non-Class:  8.56 MB
       Class:  15.48 MB
        Both:  24.05 MB

MaxMetaspaceSize: unlimited
CompressedClassSpaceSize: 1.00 GB
Initial GC threshold: 21.00 MB
Current GC threshold: 21.00 MB
CDS: on
MetaspaceReclaimPolicy: balanced
 - commit_granule_bytes: 65536.
 - commit_granule_words: 8192.
 - virtual_space_node_default_size: 8388608.
 - enlarge_chunks_in_place: 1.
 - new_chunks_are_fully_committed: 0.
 - uncommit_free_chunks: 1.
 - use_allocation_guard: 0.
 - handle_deallocations: 1.


Internal statistics:

num_allocs_failed_limit: 0.
num_arena_births: 64.
num_arena_deaths: 0.
num_vsnodes_births: 2.
num_vsnodes_deaths: 0.
num_space_committed: 81.
num_space_uncommitted: 0.
num_chunks_returned_to_freelist: 0.
num_chunks_taken_from_freelist: 216.
num_chunk_merges: 0.
num_chunk_splits: 154.
num_chunks_enlarged: 121.
num_inconsistent_stats: 0.

CodeHeap 'non-profiled nmethods': size=120032Kb used=270Kb max_used=270Kb free=119761Kb
 bounds [0x00000001219ae000, 0x0000000121c1e000, 0x0000000128ee6000]
CodeHeap 'profiled nmethods': size=120028Kb used=1309Kb max_used=1309Kb free=118718Kb
 bounds [0x0000000119ee6000, 0x000000011a156000, 0x000000012141d000]
CodeHeap 'non-nmethods': size=5700Kb used=1594Kb max_used=1615Kb free=4105Kb
 bounds [0x000000012141d000, 0x000000012168d000, 0x00000001219ae000]
 total_blobs=1773 nmethods=745 adapters=942
 compilation: enabled
              stopped_count=0, restarted_count=0
 full_count=0

Compilation events (20 events):
Event: 1.539 Thread 0x00007fa84f012000  735       3       java.lang.Math::min (46 bytes)
Event: 1.539 Thread 0x00007fa84f012000 nmethod 735 0x000000011a026b90 code [0x000000011a026d40, 0x000000011a027090]
Event: 1.539 Thread 0x00007fa84f012000  738       3       com.badlogic.gdx.graphics.g2d.BitmapFont$Glyph::<init> (10 bytes)
Event: 1.539 Thread 0x00007fa84f012000 nmethod 738 0x000000011a027110 code [0x000000011a0272c0, 0x000000011a027430]
Event: 1.539 Thread 0x00007fa84f012000  739       3       com.badlogic.gdx.graphics.g2d.BitmapFont$BitmapFontData::setGlyph (42 bytes)
Event: 1.539 Thread 0x00007fa84f012000 nmethod 739 0x000000011a027510 code [0x000000011a0276e0, 0x000000011a027c70]
Event: 1.539 Thread 0x00007fa84f012000  741       3       java.lang.AbstractStringBuilder::checkRange (63 bytes)
Event: 1.540 Thread 0x00007fa84f012000 nmethod 741 0x000000011a027e90 code [0x000000011a028120, 0x000000011a028a50]
Event: 1.540 Thread 0x00007fa84f012000  742   !   3       java.nio.charset.CharsetDecoder::decode (275 bytes)
Event: 1.543 Thread 0x00007fa84f012000 nmethod 742 0x000000011a028e10 code [0x000000011a029180, 0x000000011a02a950]
Event: 1.543 Thread 0x00007fa84f012000  744       3       com.badlogic.gdx.graphics.g2d.BitmapFont$BitmapFontData::setGlyphRegion (402 bytes)
Event: 1.544 Thread 0x00007fa84f012000 nmethod 744 0x000000011a02b110 code [0x000000011a02b340, 0x000000011a02bef0]
Event: 1.544 Thread 0x00007fa84f012000  745       3       java.lang.String::codePointAt (50 bytes)
Event: 1.545 Thread 0x00007fa84f012000 nmethod 745 0x000000011a02c190 code [0x000000011a02c380, 0x000000011a02c720]
Event: 1.545 Thread 0x00007fa84f012000  746       3       java.nio.ByteBuffer::array (35 bytes)
Event: 1.545 Thread 0x00007fa84f012000 nmethod 746 0x000000011a02c910 code [0x000000011a02cae0, 0x000000011a02cdb0]
Event: 1.545 Thread 0x00007fa84f012000  747       3       com.badlogic.gdx.graphics.g2d.BitmapFont$BitmapFontData::getGlyph (25 bytes)
Event: 1.545 Thread 0x00007fa84f012000 nmethod 747 0x000000011a02cf10 code [0x000000011a02d0c0, 0x000000011a02d2d0]
Event: 1.545 Thread 0x00007fa84f012000  743       3       jdk.internal.loader.BuiltinClassLoader::hasClassPath (13 bytes)
Event: 1.545 Thread 0x00007fa84f012000 nmethod 743 0x000000011a02d410 code [0x000000011a02d5a0, 0x000000011a02d710]

GC Heap History (2 events):
Event: 1.321 GC heap before
{Heap before GC invocations=0 (full 0):
 garbage-first heap   total 133120K, used 13268K [0x0000000780000000, 0x0000000800000000)
  region size 1024K, 13 young (13312K), 0 survivors (0K)
 Metaspace       used 4435K, committed 4608K, reserved 1114112K
  class space    used 311K, committed 384K, reserved 1048576K
}
Event: 1.334 GC heap after
{Heap after GC invocations=1 (full 0):
 garbage-first heap   total 133120K, used 2316K [0x0000000780000000, 0x0000000800000000)
  region size 1024K, 2 young (2048K), 2 survivors (2048K)
 Metaspace       used 4435K, committed 4608K, reserved 1114112K
  class space    used 311K, committed 384K, reserved 1048576K
}

Dll operation events (8 events):
Event: 0.013 Loaded shared library /Library/Java/JavaVirtualMachines/temurin-17.jdk/Contents/Home/lib/libjava.dylib
Event: 0.084 Loaded shared library /Library/Java/JavaVirtualMachines/temurin-17.jdk/Contents/Home/lib/libnio.dylib
Event: 0.092 Loaded shared library /Library/Java/JavaVirtualMachines/temurin-17.jdk/Contents/Home/lib/libzip.dylib
Event: 0.437 Loaded shared library /Library/Java/JavaVirtualMachines/temurin-17.jdk/Contents/Home/lib/libjimage.dylib
Event: 0.453 Loaded shared library /private/var/folders/0h/s2531gr9263g01c6jyyz7z_m0000gp/T/libgdxmatthewpadilla/21f66466/libgdx64.dylib
Event: 0.548 Loaded shared library /Library/Java/JavaVirtualMachines/temurin-17.jdk/Contents/Home/lib/libnet.dylib
Event: 0.565 Loaded shared library /private/var/folders/0h/s2531gr9263g01c6jyyz7z_m0000gp/T/lwjglmatthewpadilla/3.3.1-build-7/liblwjgl.dylib
Event: 1.122 Loaded shared library /private/var/folders/0h/s2531gr9263g01c6jyyz7z_m0000gp/T/lwjglmatthewpadilla/3.3.1-build-7/liblwjgl_opengl.dylib

Deoptimization events (18 events):
Event: 0.292 Thread 0x00007fa84d013c00 DEOPT PACKING pc=0x0000000119eeaeda sp=0x00007ffee43140e0
Event: 0.292 Thread 0x00007fa84d013c00 DEOPT UNPACKING pc=0x0000000121473e2f sp=0x00007ffee4313520 mode 0
Event: 0.328 Thread 0x00007fa84d013c00 DEOPT PACKING pc=0x0000000119ee9c6e sp=0x00007ffee4313ec0
Event: 0.328 Thread 0x00007fa84d013c00 DEOPT UNPACKING pc=0x0000000121473e2f sp=0x00007ffee4313358 mode 0
Event: 0.328 Thread 0x00007fa84d013c00 DEOPT PACKING pc=0x0000000119ee7d4e sp=0x00007ffee4314350
Event: 0.328 Thread 0x00007fa84d013c00 DEOPT UNPACKING pc=0x0000000121473e2f sp=0x00007ffee43137e8 mode 0
Event: 0.534 Thread 0x00007fa84d013c00 Uncommon trap: trap_request=0xffffff45 fr.pc=0x00000001219b9208 relative=0x0000000000000268
Event: 0.534 Thread 0x00007fa84d013c00 Uncommon trap: reason=unstable_if action=reinterpret pc=0x00000001219b9208 method=java.lang.String.startsWith(Ljava/lang/String;I)Z @ 14 c2
Event: 0.534 Thread 0x00007fa84d013c00 DEOPT PACKING pc=0x00000001219b9208 sp=0x00007ffee43174a0
Event: 0.534 Thread 0x00007fa84d013c00 DEOPT UNPACKING pc=0x0000000121473699 sp=0x00007ffee4317420 mode 2
Event: 1.117 Thread 0x00007fa84d013c00 Uncommon trap: trap_request=0xffffffde fr.pc=0x00000001219d0460 relative=0x0000000000000420
Event: 1.117 Thread 0x00007fa84d013c00 Uncommon trap: reason=class_check action=maybe_recompile pc=0x00000001219d0460 method=java.util.HashMap.getNode(Ljava/lang/Object;)Ljava/util/HashMap$Node; @ 128 c2
Event: 1.117 Thread 0x00007fa84d013c00 DEOPT PACKING pc=0x00000001219d0460 sp=0x00007ffee4318bc0
Event: 1.117 Thread 0x00007fa84d013c00 DEOPT UNPACKING pc=0x0000000121473699 sp=0x00007ffee4318af8 mode 2
Event: 1.198 Thread 0x00007fa84d013c00 Uncommon trap: trap_request=0xffffff5c fr.pc=0x00000001219e20f8 relative=0x0000000000000058
Event: 1.198 Thread 0x00007fa84d013c00 Uncommon trap: reason=speculate_null_check action=make_not_entrant pc=0x00000001219e20f8 method=sun.misc.Unsafe.getLong(Ljava/lang/Object;J)J @ 5 c2
Event: 1.198 Thread 0x00007fa84d013c00 DEOPT PACKING pc=0x00000001219e20f8 sp=0x00007ffee4319700
Event: 1.198 Thread 0x00007fa84d013c00 DEOPT UNPACKING pc=0x0000000121473699 sp=0x00007ffee4319698 mode 2

Classes unloaded (0 events):
No events

Classes redefined (0 events):
No events

Internal exceptions (19 events):
Event: 0.491 Thread 0x00007fa84d013c00 Exception <a 'java/lang/NoSuchMethodError'{0x0000000787bf9488}: 'java.lang.Object java.lang.invoke.DirectMethodHandle$Holder.invokeStaticInit(java.lang.Object)'> (0x0000000787bf9488) 
thrown [src/hotspot/share/interpreter/linkResolver.cpp, line 759]
Event: 0.510 Thread 0x00007fa84d013c00 Exception <a 'java/lang/NoSuchMethodError'{0x0000000787a62e18}: 'void java.lang.invoke.DirectMethodHandle$Holder.invokeStatic(java.lang.Object, java.lang.Object)'> (0x0000000787a62e18) 
thrown [src/hotspot/share/interpreter/linkResolver.cpp, line 759]
Event: 0.512 Thread 0x00007fa84d013c00 Exception <a 'java/lang/NoSuchMethodError'{0x0000000787a68128}: 'void java.lang.invoke.DirectMethodHandle$Holder.invokeSpecial(java.lang.Object, java.lang.Object, java.lang.Object)'> (0x0000000787a68128) 
thrown [src/hotspot/share/interpreter/linkResolver.cpp, line 759]
Event: 0.516 Thread 0x00007fa84d013c00 Exception <a 'java/lang/NoSuchMethodError'{0x0000000787a7acc0}: 'java.lang.Object java.lang.invoke.DirectMethodHandle$Holder.invokeStatic(java.lang.Object, java.lang.Object, int)'> (0x0000000787a7acc0) 
thrown [src/hotspot/share/interpreter/linkResolver.cpp, line 759]
Event: 0.519 Thread 0x00007fa84d013c00 Exception <a 'java/lang/NoSuchMethodError'{0x0000000787a86c60}: 'void java.lang.invoke.DelegatingMethodHandle$Holder.delegate(java.lang.Object, java.lang.Object, int, java.lang.Object)'> (0x0000000787a86c60) 
thrown [src/hotspot/share/interpreter/linkResolver.cpp, line 759]
Event: 0.520 Thread 0x00007fa84d013c00 Exception <a 'java/lang/NoSuchMethodError'{0x0000000787a8ae70}: 'int java.lang.invoke.DirectMethodHandle$Holder.invokeSpecial(java.lang.Object, java.lang.Object, java.lang.Object)'> (0x0000000787a8ae70) 
thrown [src/hotspot/share/interpreter/linkResolver.cpp, line 759]
Event: 0.564 Thread 0x00007fa84d013c00 Exception <a 'sun/nio/fs/UnixException'{0x0000000787923b90}> (0x0000000787923b90) 
thrown [src/hotspot/share/prims/jni.cpp, line 516]
Event: 0.579 Thread 0x00007fa84d013c00 Exception <a 'java/lang/NoSuchMethodError'{0x00000007879637b0}: 'int java.lang.invoke.DirectMethodHandle$Holder.invokeStaticInit(java.lang.Object, java.lang.Object, int, long)'> (0x00000007879637b0) 
thrown [src/hotspot/share/interpreter/linkResolver.cpp, line 759]
Event: 0.580 Thread 0x00007fa84d013c00 Exception <a 'java/lang/NoSuchMethodError'{0x0000000787969078}: 'java.lang.Object java.lang.invoke.DirectMethodHandle$Holder.newInvokeSpecial(java.lang.Object, java.lang.Object, int)'> (0x0000000787969078) 
thrown [src/hotspot/share/interpreter/linkResolver.cpp, line 759]
Event: 0.585 Thread 0x00007fa84d013c00 Exception <a 'java/lang/NoSuchMethodError'{0x000000078797d838}: 'int java.lang.invoke.DirectMethodHandle$Holder.invokeStaticInit(java.lang.Object, java.lang.Object, long, long)'> (0x000000078797d838) 
thrown [src/hotspot/share/interpreter/linkResolver.cpp, line 759]
Event: 0.586 Thread 0x00007fa84d013c00 Exception <a 'java/lang/NoSuchMethodError'{0x0000000787983948}: 'java.lang.Object java.lang.invoke.DirectMethodHandle$Holder.newInvokeSpecial(java.lang.Object, java.lang.Object, long)'> (0x0000000787983948) 
thrown [src/hotspot/share/interpreter/linkResolver.cpp, line 759]
Event: 0.588 Thread 0x00007fa84d013c00 Exception <a 'java/lang/NoSuchMethodError'{0x0000000787987e58}: 'java.lang.Object java.lang.invoke.Invokers$Holder.linkToTargetMethod(java.lang.Object, long, java.lang.Object)'> (0x0000000787987e58) 
thrown [src/hotspot/share/interpreter/linkResolver.cpp, line 759]
Event: 0.589 Thread 0x00007fa84d013c00 Exception <a 'java/lang/NoSuchMethodError'{0x000000078798f570}: 'int java.lang.invoke.DirectMethodHandle$Holder.invokeStaticInit(java.lang.Object, java.lang.Object, java.lang.Object, long)'> (0x000000078798f570) 
thrown [src/hotspot/share/interpreter/linkResolver.cpp, line 759]
Event: 0.634 Thread 0x00007fa84d013c00 Exception <a 'sun/nio/fs/UnixException'{0x0000000787841fb0}> (0x0000000787841fb0) 
thrown [src/hotspot/share/prims/jni.cpp, line 516]
Event: 0.668 Thread 0x00007fa84d013c00 Exception <a 'sun/nio/fs/UnixException'{0x0000000787702830}> (0x0000000787702830) 
thrown [src/hotspot/share/prims/jni.cpp, line 516]
Event: 0.681 Thread 0x00007fa84d013c00 Exception <a 'sun/nio/fs/UnixException'{0x00000007877422c0}> (0x00000007877422c0) 
thrown [src/hotspot/share/prims/jni.cpp, line 516]
Event: 0.883 Thread 0x00007fa84d013c00 Exception <a 'sun/nio/fs/UnixException'{0x00000007877dfe18}> (0x00000007877dfe18) 
thrown [src/hotspot/share/prims/jni.cpp, line 516]
Event: 0.964 Thread 0x00007fa84d013c00 Exception <a 'java/lang/NoSuchMethodError'{0x0000000787631c68}: 'java.lang.Object java.lang.invoke.DirectMethodHandle$Holder.newInvokeSpecial(java.lang.Object, long)'> (0x0000000787631c68) 
thrown [src/hotspot/share/interpreter/linkResolver.cpp, line 759]
Event: 1.122 Thread 0x00007fa84d013c00 Exception <a 'sun/nio/fs/UnixException'{0x0000000787555768}> (0x0000000787555768) 
thrown [src/hotspot/share/prims/jni.cpp, line 516]

VM Operations (12 events):
Event: 0.442 Executing VM operation: HandshakeAllThreads
Event: 0.442 Executing VM operation: HandshakeAllThreads done
Event: 0.492 Executing VM operation: HandshakeAllThreads
Event: 0.492 Executing VM operation: HandshakeAllThreads done
Event: 0.515 Executing VM operation: HandshakeAllThreads
Event: 0.516 Executing VM operation: HandshakeAllThreads done
Event: 1.200 Executing VM operation: HandshakeAllThreads
Event: 1.200 Executing VM operation: HandshakeAllThreads done
Event: 1.200 Executing VM operation: Cleanup
Event: 1.200 Executing VM operation: Cleanup done
Event: 1.318 Executing VM operation: G1CollectForAllocation
Event: 1.334 Executing VM operation: G1CollectForAllocation done

Events (20 events):
Event: 0.993 loading class java/util/concurrent/SynchronousQueue$TransferStack$SNode
Event: 0.993 loading class java/util/concurrent/ForkJoinPool$ManagedBlocker
Event: 0.993 loading class java/util/concurrent/ForkJoinPool$ManagedBlocker done
Event: 0.993 loading class java/util/concurrent/SynchronousQueue$TransferStack$SNode done
Event: 0.997 loading class java/util/concurrent/locks/AbstractQueuedSynchronizer$ConditionObject
Event: 0.997 loading class java/util/concurrent/locks/Condition
Event: 0.997 loading class java/util/concurrent/locks/Condition done
Event: 0.997 loading class java/util/concurrent/locks/AbstractQueuedSynchronizer$ConditionObject done
Event: 1.200 loading class java/lang/NumberFormatException
Event: 1.200 loading class java/lang/NumberFormatException done
Event: 1.256 loading class java/util/NoSuchElementException
Event: 1.257 loading class java/util/NoSuchElementException done
Event: 1.264 loading class java/io/UnsupportedEncodingException
Event: 1.264 loading class java/io/UnsupportedEncodingException done
Event: 1.472 loading class java/util/regex/Pattern$1
Event: 1.472 loading class java/util/regex/Pattern$1 done
Event: 1.502 loading class java/lang/SecurityException
Event: 1.502 loading class java/lang/SecurityException done
Event: 1.503 loading class java/lang/reflect/InvocationTargetException
Event: 1.503 loading class java/lang/reflect/InvocationTargetException done


Dynamic libraries:
0x00007fff66bd1000 	/usr/lib/libz.1.dylib
0x000000010b8ed000 	/Library/Java/JavaVirtualMachines/temurin-17.jdk/Contents/Home/lib/libjli.dylib
0x00007fff2c6eb000 	/System/Library/Frameworks/Cocoa.framework/Versions/A/Cocoa
0x00007fff39ef4000 	/System/Library/Frameworks/Security.framework/Versions/A/Security
0x00007fff2b650000 	/System/Library/Frameworks/ApplicationServices.framework/Versions/A/ApplicationServices
0x00007fff64695000 	/usr/lib/libSystem.B.dylib
0x00007fff67492000 	/usr/lib/system/libcache.dylib
0x00007fff67498000 	/usr/lib/system/libcommonCrypto.dylib
0x00007fff674a4000 	/usr/lib/system/libcompiler_rt.dylib
0x00007fff674ac000 	/usr/lib/system/libcopyfile.dylib
0x00007fff674b6000 	/usr/lib/system/libcorecrypto.dylib
0x00007fff67655000 	/usr/lib/system/libdispatch.dylib
0x00007fff67696000 	/usr/lib/system/libdyld.dylib
0x00007fff676cd000 	/usr/lib/system/libkeymgr.dylib
0x00007fff676db000 	/usr/lib/system/liblaunch.dylib
0x00007fff676dc000 	/usr/lib/system/libmacho.dylib
0x00007fff676e2000 	/usr/lib/system/libquarantine.dylib
0x00007fff676e5000 	/usr/lib/system/libremovefile.dylib
0x00007fff676e7000 	/usr/lib/system/libsystem_asl.dylib
0x00007fff676ff000 	/usr/lib/system/libsystem_blocks.dylib
0x00007fff67700000 	/usr/lib/system/libsystem_c.dylib
0x00007fff67788000 	/usr/lib/system/libsystem_configuration.dylib
0x00007fff6778c000 	/usr/lib/system/libsystem_coreservices.dylib
0x00007fff67790000 	/usr/lib/system/libsystem_darwin.dylib
0x00007fff67799000 	/usr/lib/system/libsystem_dnssd.dylib
0x00007fff677a1000 	/usr/lib/system/libsystem_featureflags.dylib
0x00007fff677a3000 	/usr/lib/system/libsystem_info.dylib
0x00007fff6781e000 	/usr/lib/system/libsystem_m.dylib
0x00007fff67866000 	/usr/lib/system/libsystem_malloc.dylib
0x00007fff6788e000 	/usr/lib/system/libsystem_networkextension.dylib
0x00007fff6789c000 	/usr/lib/system/libsystem_notify.dylib
0x00007fff678ba000 	/usr/lib/system/libsystem_sandbox.dylib
0x00007fff678bf000 	/usr/lib/system/libsystem_secinit.dylib
0x00007fff677f1000 	/usr/lib/system/libsystem_kernel.dylib
0x00007fff678a6000 	/usr/lib/system/libsystem_platform.dylib
0x00007fff678af000 	/usr/lib/system/libsystem_pthread.dylib
0x00007fff678c2000 	/usr/lib/system/libsystem_symptoms.dylib
0x00007fff678ca000 	/usr/lib/system/libsystem_trace.dylib
0x00007fff678e2000 	/usr/lib/system/libunwind.dylib
0x00007fff678e8000 	/usr/lib/system/libxpc.dylib
0x00007fff664f5000 	/usr/lib/libobjc.A.dylib
0x00007fff649ce000 	/usr/lib/libc++abi.dylib
0x00007fff6497b000 	/usr/lib/libc++.1.dylib
0x00007fff2d58d000 	/System/Library/Frameworks/CoreFoundation.framework/Versions/A/CoreFoundation
0x00007fff2fc4a000 	/System/Library/Frameworks/Foundation.framework/Versions/C/Foundation
0x00007fff2a840000 	/System/Library/Frameworks/AppKit.framework/Versions/C/AppKit
0x00007fff2d06f000 	/System/Library/Frameworks/CoreData.framework/Versions/A/CoreData
0x00007fff5e690000 	/System/Library/PrivateFrameworks/UIFoundation.framework/Versions/A/UIFoundation
0x00007fff59724000 	/System/Library/PrivateFrameworks/RemoteViewServices.framework/Versions/A/RemoteViewServices
0x00007fff61205000 	/System/Library/PrivateFrameworks/XCTTargetBootstrap.framework/Versions/A/XCTTargetBootstrap
0x00007fff2d45a000 	/System/Library/Frameworks/CoreDisplay.framework/Versions/A/CoreDisplay
0x00007fff32b04000 	/System/Library/Frameworks/Metal.framework/Versions/A/Metal
0x00007fff4770c000 	/System/Library/PrivateFrameworks/DesktopServicesPriv.framework/Versions/A/DesktopServicesPriv
0x00007fff657d0000 	/usr/lib/liblangid.dylib
0x00007fff469a1000 	/System/Library/PrivateFrameworks/CoreSVG.framework/Versions/A/CoreSVG
0x00007fff5c880000 	/System/Library/PrivateFrameworks/SkyLight.framework/Versions/A/SkyLight
0x00007fff2da0e000 	/System/Library/Frameworks/CoreGraphics.framework/Versions/A/CoreGraphics
0x00007fff29214000 	/System/Library/Frameworks/Accelerate.framework/Versions/A/Accelerate
0x00007fff66ac2000 	/usr/lib/libxml2.2.dylib
0x00007fff526ae000 	/System/Library/PrivateFrameworks/IconServices.framework/Versions/A/IconServices
0x00007fff30429000 	/System/Library/Frameworks/IOSurface.framework/Versions/A/IOSurface
0x00007fff641bf000 	/usr/lib/libDiagnosticMessagesClient.dylib
0x00007fff47566000 	/System/Library/PrivateFrameworks/DFRFoundation.framework/Versions/A/DFRFoundation
0x00007fff6555f000 	/usr/lib/libicucore.A.dylib
0x00007fff2b982000 	/System/Library/Frameworks/AudioToolbox.framework/Versions/A/AudioToolbox
0x00007fff2ba65000 	/System/Library/Frameworks/AudioUnit.framework/Versions/A/AudioUnit
0x00007fff64897000 	/usr/lib/libauto.dylib
0x00007fff47608000 	/System/Library/PrivateFrameworks/DataDetectorsCore.framework/Versions/A/DataDetectorsCore
0x00007fff2c20c000 	/System/Library/Frameworks/Carbon.framework/Versions/A/Frameworks/HIToolbox.framework/Versions/A/HIToolbox
0x00007fff390ee000 	/System/Library/Frameworks/QuartzCore.framework/Versions/A/QuartzCore
0x00007fff2c54b000 	/System/Library/Frameworks/Carbon.framework/Versions/A/Frameworks/SpeechRecognition.framework/Versions/A/SpeechRecognition
0x00007fff4707a000 	/System/Library/PrivateFrameworks/CoreUI.framework/Versions/A/CoreUI
0x00007fff2cada000 	/System/Library/Frameworks/CoreAudio.framework/Versions/A/CoreAudio
0x00007fff2f909000 	/System/Library/Frameworks/DiskArbitration.framework/Versions/A/DiskArbitration
0x00007fff546fe000 	/System/Library/PrivateFrameworks/MultitouchSupport.framework/Versions/A/MultitouchSupport
0x00007fff65426000 	/usr/lib/libenergytrace.dylib
0x00007fff30383000 	/System/Library/Frameworks/IOKit.framework/Versions/A/IOKit
0x00007fff2e975000 	/System/Library/Frameworks/CoreServices.framework/Versions/A/CoreServices
0x00007fff568b7000 	/System/Library/PrivateFrameworks/PerformanceAnalysis.framework/Versions/A/PerformanceAnalysis
0x00007fff38121000 	/System/Library/Frameworks/OpenGL.framework/Versions/A/OpenGL
0x00007fff2c6f9000 	/System/Library/Frameworks/ColorSync.framework/Versions/A/ColorSync
0x00007fff2e091000 	/System/Library/Frameworks/CoreImage.framework/Versions/A/CoreImage
0x00007fff2f3e8000 	/System/Library/Frameworks/CoreText.framework/Versions/A/CoreText
0x00007fff304b9000 	/System/Library/Frameworks/ImageIO.framework/Versions/A/ImageIO
0x00007fff649f7000 	/usr/lib/libcompression.dylib
0x00007fff64503000 	/usr/lib/libMobileGestalt.dylib
0x00007fff5e3fa000 	/System/Library/PrivateFrameworks/TextureIO.framework/Versions/A/TextureIO
0x00007fff647fa000 	/usr/lib/libate.dylib
0x00007fff528b7000 	/System/Library/PrivateFrameworks/InternationalSupport.framework/Versions/A/InternationalSupport
0x00007fff657d2000 	/usr/lib/liblzma.5.dylib
0x00007fff6544d000 	/usr/lib/libfakelink.dylib
0x00007fff64787000 	/usr/lib/libarchive.2.dylib
0x00007fff3afa5000 	/System/Library/Frameworks/SystemConfiguration.framework/Versions/A/SystemConfiguration
0x00007fff640f2000 	/usr/lib/libCRFSuite.dylib
0x00007fff2bdfc000 	/System/Library/Frameworks/CFNetwork.framework/Versions/A/CFNetwork
0x00007fff6495d000 	/usr/lib/libbsm.0.dylib
0x00007fff676ce000 	/usr/lib/system/libkxld.dylib
0x00007fff40ee2000 	/System/Library/PrivateFrameworks/AppleFSCompression.framework/Versions/A/AppleFSCompression
0x00007fff64ce8000 	/usr/lib/libcoretls.dylib
0x00007fff64cff000 	/usr/lib/libcoretls_cfhelpers.dylib
0x00007fff6653b000 	/usr/lib/libpam.2.dylib
0x00007fff66670000 	/usr/lib/libsqlite3.dylib
0x00007fff66aaf000 	/usr/lib/libxar.1.dylib
0x00007fff6496e000 	/usr/lib/libbz2.1.0.dylib
0x00007fff6546e000 	/usr/lib/libiconv.2.dylib
0x00007fff649e4000 	/usr/lib/libcharset.1.dylib
0x00007fff65fd8000 	/usr/lib/libnetwork.dylib
0x00007fff66542000 	/usr/lib/libpcap.A.dylib
0x00007fff6473c000 	/usr/lib/libapple_nghttp2.dylib
0x00007fff2ed2c000 	/System/Library/Frameworks/CoreServices.framework/Versions/A/Frameworks/FSEvents.framework/Versions/A/FSEvents
0x00007fff2e9fc000 	/System/Library/Frameworks/CoreServices.framework/Versions/A/Frameworks/CarbonCore.framework/Versions/A/CarbonCore
0x00007fff2ef70000 	/System/Library/Frameworks/CoreServices.framework/Versions/A/Frameworks/Metadata.framework/Versions/A/Metadata
0x00007fff2f009000 	/System/Library/Frameworks/CoreServices.framework/Versions/A/Frameworks/OSServices.framework/Versions/A/OSServices
0x00007fff2f037000 	/System/Library/Frameworks/CoreServices.framework/Versions/A/Frameworks/SearchKit.framework/Versions/A/SearchKit
0x00007fff2e976000 	/System/Library/Frameworks/CoreServices.framework/Versions/A/Frameworks/AE.framework/Versions/A/AE
0x00007fff2ed35000 	/System/Library/Frameworks/CoreServices.framework/Versions/A/Frameworks/LaunchServices.framework/Versions/A/LaunchServices
0x00007fff2ecde000 	/System/Library/Frameworks/CoreServices.framework/Versions/A/Frameworks/DictionaryServices.framework/Versions/A/DictionaryServices
0x00007fff2f09f000 	/System/Library/Frameworks/CoreServices.framework/Versions/A/Frameworks/SharedFileList.framework/Versions/A/SharedFileList
0x00007fff33f40000 	/System/Library/Frameworks/NetFS.framework/Versions/A/NetFS
0x00007fff54c2e000 	/System/Library/PrivateFrameworks/NetAuth.framework/Versions/A/NetAuth
0x00007fff615d2000 	/System/Library/PrivateFrameworks/login.framework/Versions/A/Frameworks/loginsupport.framework/Versions/A/loginsupport
0x00007fff5dec5000 	/System/Library/PrivateFrameworks/TCC.framework/Versions/A/TCC
0x00007fff45b14000 	/System/Library/PrivateFrameworks/CoreNLP.framework/Versions/A/CoreNLP
0x00007fff5412b000 	/System/Library/PrivateFrameworks/MetadataUtilities.framework/Versions/A/MetadataUtilities
0x00007fff658aa000 	/usr/lib/libmecabra.dylib
0x00007fff65802000 	/usr/lib/libmecab.dylib
0x00007fff6545e000 	/usr/lib/libgermantok.dylib
0x00007fff64723000 	/usr/lib/libThaiTokenizer.dylib
0x00007fff64129000 	/usr/lib/libChineseTokenizer.dylib
0x00007fff2922c000 	/System/Library/Frameworks/Accelerate.framework/Versions/A/Frameworks/vImage.framework/Versions/A/vImage
0x00007fff2a696000 	/System/Library/Frameworks/Accelerate.framework/Versions/A/Frameworks/vecLib.framework/Versions/A/vecLib
0x00007fff2a5d3000 	/System/Library/Frameworks/Accelerate.framework/Versions/A/Frameworks/vecLib.framework/Versions/A/libvMisc.dylib
0x00007fff2a3fb000 	/System/Library/Frameworks/Accelerate.framework/Versions/A/Frameworks/vecLib.framework/Versions/A/libvDSP.dylib
0x00007fff29883000 	/System/Library/Frameworks/Accelerate.framework/Versions/A/Frameworks/vecLib.framework/Versions/A/libBLAS.dylib
0x00007fff29fbf000 	/System/Library/Frameworks/Accelerate.framework/Versions/A/Frameworks/vecLib.framework/Versions/A/libLAPACK.dylib
0x00007fff2a35b000 	/System/Library/Frameworks/Accelerate.framework/Versions/A/Frameworks/vecLib.framework/Versions/A/libLinearAlgebra.dylib
0x00007fff2a3e8000 	/System/Library/Frameworks/Accelerate.framework/Versions/A/Frameworks/vecLib.framework/Versions/A/libSparseBLAS.dylib
0x00007fff2a371000 	/System/Library/Frameworks/Accelerate.framework/Versions/A/Frameworks/vecLib.framework/Versions/A/libQuadrature.dylib
0x00007fff29aeb000 	/System/Library/Frameworks/Accelerate.framework/Versions/A/Frameworks/vecLib.framework/Versions/A/libBNNS.dylib
0x00007fff2a377000 	/System/Library/Frameworks/Accelerate.framework/Versions/A/Frameworks/vecLib.framework/Versions/A/libSparse.dylib
0x00007fff52c9f000 	/System/Library/PrivateFrameworks/LanguageModeling.framework/Versions/A/LanguageModeling
0x00007fff454c4000 	/System/Library/PrivateFrameworks/CoreEmoji.framework/Versions/A/CoreEmoji
0x00007fff52dbd000 	/System/Library/PrivateFrameworks/LinguisticData.framework/Versions/A/LinguisticData
0x00007fff52d6e000 	/System/Library/PrivateFrameworks/Lexicon.framework/Versions/A/Lexicon
0x00007fff649e5000 	/usr/lib/libcmph.dylib
0x00007fff36b2f000 	/System/Library/Frameworks/OpenDirectory.framework/Versions/A/Frameworks/CFOpenDirectory.framework/Versions/A/CFOpenDirectory
0x00007fff36b4c000 	/System/Library/Frameworks/OpenDirectory.framework/Versions/A/OpenDirectory
0x00007fff3ef8f000 	/System/Library/PrivateFrameworks/APFS.framework/Versions/A/APFS
0x00007fff3a23e000 	/System/Library/Frameworks/SecurityFoundation.framework/Versions/A/SecurityFoundation
0x00007fff66aab000 	/usr/lib/libutil.dylib
0x00007fff469f9000 	/System/Library/PrivateFrameworks/CoreServicesStore.framework/Versions/A/CoreServicesStore
0x00007fff3a2f5000 	/System/Library/Frameworks/ServiceManagement.framework/Versions/A/ServiceManagement
0x00007fff426b2000 	/System/Library/PrivateFrameworks/BackgroundTaskManagement.framework/Versions/A/BackgroundTaskManagement
0x00007fff66ba8000 	/usr/lib/libxslt.1.dylib
0x00007fff41555000 	/System/Library/PrivateFrameworks/AppleSystemInfo.framework/Versions/A/AppleSystemInfo
0x00007fff306d5000 	/System/Library/Frameworks/ImageIO.framework/Versions/A/Resources/libJPEG.dylib
0x00007fff30992000 	/System/Library/Frameworks/ImageIO.framework/Versions/A/Resources/libTIFF.dylib
0x00007fff30975000 	/System/Library/Frameworks/ImageIO.framework/Versions/A/Resources/libPng.dylib
0x00007fff30617000 	/System/Library/Frameworks/ImageIO.framework/Versions/A/Resources/libGIF.dylib
0x00007fff3061b000 	/System/Library/Frameworks/ImageIO.framework/Versions/A/Resources/libJP2.dylib
0x00007fff30990000 	/System/Library/Frameworks/ImageIO.framework/Versions/A/Resources/libRadiance.dylib
0x00007fff65427000 	/usr/lib/libexpat.1.dylib
0x00007fff4103d000 	/System/Library/PrivateFrameworks/AppleJPEG.framework/Versions/A/AppleJPEG
0x00007fff49d0f000 	/System/Library/PrivateFrameworks/FontServices.framework/libFontParser.dylib
0x00007fff605d4000 	/System/Library/PrivateFrameworks/WatchdogClient.framework/Versions/A/WatchdogClient
0x00007fff522fa000 	/System/Library/PrivateFrameworks/IOAccelerator.framework/Versions/A/IOAccelerator
0x00007fff32e9f000 	/System/Library/Frameworks/MetalPerformanceShaders.framework/Versions/A/MetalPerformanceShaders
0x00007fff4ea8a000 	/System/Library/PrivateFrameworks/GPUWrangler.framework/Versions/A/GPUWrangler
0x00007fff5230f000 	/System/Library/PrivateFrameworks/IOPresentment.framework/Versions/A/IOPresentment
0x00007fff47579000 	/System/Library/PrivateFrameworks/DSExternalDisplay.framework/Versions/A/DSExternalDisplay
0x00007fff374c0000 	/System/Library/Frameworks/OpenGL.framework/Versions/A/Libraries/libCoreFSCache.dylib
0x00007fff32beb000 	/System/Library/Frameworks/MetalPerformanceShaders.framework/Frameworks/MPSCore.framework/Versions/A/MPSCore
0x00007fff32c29000 	/System/Library/Frameworks/MetalPerformanceShaders.framework/Frameworks/MPSImage.framework/Versions/A/MPSImage
0x00007fff32cf0000 	/System/Library/Frameworks/MetalPerformanceShaders.framework/Frameworks/MPSNeuralNetwork.framework/Versions/A/MPSNeuralNetwork
0x00007fff32cb4000 	/System/Library/Frameworks/MetalPerformanceShaders.framework/Frameworks/MPSMatrix.framework/Versions/A/MPSMatrix
0x00007fff32e4f000 	/System/Library/Frameworks/MetalPerformanceShaders.framework/Frameworks/MPSRayIntersector.framework/Versions/A/MPSRayIntersector
0x00007fff32cda000 	/System/Library/Frameworks/MetalPerformanceShaders.framework/Frameworks/MPSNDArray.framework/Versions/A/MPSNDArray
0x00007fff54178000 	/System/Library/PrivateFrameworks/MetalTools.framework/Versions/A/MetalTools
0x00007fff40169000 	/System/Library/PrivateFrameworks/AggregateDictionary.framework/Versions/A/AggregateDictionary
0x00007fff44f0c000 	/System/Library/PrivateFrameworks/CoreAnalytics.framework/Versions/A/CoreAnalytics
0x00007fff41474000 	/System/Library/PrivateFrameworks/AppleSauce.framework/Versions/A/AppleSauce
0x00007fff643e5000 	/usr/lib/libIOReport.dylib
0x00007fff2f5a0000 	/System/Library/Frameworks/CoreVideo.framework/Versions/A/CoreVideo
0x00007fff4ff03000 	/System/Library/PrivateFrameworks/GraphVisualizer.framework/Versions/A/GraphVisualizer
0x00007fff49255000 	/System/Library/PrivateFrameworks/FaceCore.framework/Versions/A/FaceCore
0x00007fff36ad6000 	/System/Library/Frameworks/OpenCL.framework/Versions/A/OpenCL
0x00007fff64207000 	/usr/lib/libFosl_dynamic.dylib
0x00007fff5564f000 	/System/Library/PrivateFrameworks/OTSVG.framework/Versions/A/OTSVG
0x00007fff2b755000 	/System/Library/Frameworks/ApplicationServices.framework/Versions/A/Frameworks/ATS.framework/Versions/A/Resources/libFontRegistry.dylib
0x00007fff49ede000 	/System/Library/PrivateFrameworks/FontServices.framework/libhvf.dylib
0x00007fff374cb000 	/System/Library/Frameworks/OpenGL.framework/Versions/A/Libraries/libGFXShared.dylib
0x00007fff376a9000 	/System/Library/Frameworks/OpenGL.framework/Versions/A/Libraries/libGLU.dylib
0x00007fff374d4000 	/System/Library/Frameworks/OpenGL.framework/Versions/A/Libraries/libGL.dylib
0x00007fff374df000 	/System/Library/Frameworks/OpenGL.framework/Versions/A/Libraries/libGLImage.dylib
0x00007fff374bd000 	/System/Library/Frameworks/OpenGL.framework/Versions/A/Libraries/libCVMSPluginSupport.dylib
0x00007fff374c6000 	/System/Library/Frameworks/OpenGL.framework/Versions/A/Libraries/libCoreVMClient.dylib
0x00007fff65e79000 	/usr/lib/libncurses.5.4.dylib
0x00007fff2b651000 	/System/Library/Frameworks/ApplicationServices.framework/Versions/A/Frameworks/ATS.framework/Versions/A/ATS
0x00007fff2b81e000 	/System/Library/Frameworks/ApplicationServices.framework/Versions/A/Frameworks/ColorSyncLegacy.framework/Versions/A/ColorSyncLegacy
0x00007fff2b8bc000 	/System/Library/Frameworks/ApplicationServices.framework/Versions/A/Frameworks/HIServices.framework/Versions/A/HIServices
0x00007fff2b914000 	/System/Library/Frameworks/ApplicationServices.framework/Versions/A/Frameworks/LangAnalysis.framework/Versions/A/LangAnalysis
0x00007fff2b923000 	/System/Library/Frameworks/ApplicationServices.framework/Versions/A/Frameworks/PrintCore.framework/Versions/A/PrintCore
0x00007fff2b969000 	/System/Library/Frameworks/ApplicationServices.framework/Versions/A/Frameworks/QD.framework/Versions/A/QD
0x00007fff2b974000 	/System/Library/Frameworks/ApplicationServices.framework/Versions/A/Frameworks/SpeechSynthesis.framework/Versions/A/SpeechSynthesis
0x00007fff2b7ee000 	/System/Library/Frameworks/ApplicationServices.framework/Versions/A/Frameworks/ATSUI.framework/Versions/A/ATSUI
0x00007fff652bd000 	/usr/lib/libcups.2.dylib
0x00007fff31f3a000 	/System/Library/Frameworks/Kerberos.framework/Versions/A/Kerberos
0x00007fff3007c000 	/System/Library/Frameworks/GSS.framework/Versions/A/GSS
0x00007fff665fc000 	/usr/lib/libresolv.9.dylib
0x00007fff500b0000 	/System/Library/PrivateFrameworks/Heimdal.framework/Versions/A/Heimdal
0x00007fff31f4d000 	/System/Library/Frameworks/Kerberos.framework/Versions/A/Libraries/libHeimdalProxy.dylib
0x00007fff65464000 	/usr/lib/libheimdal-asn1.dylib
0x00007fff443a4000 	/System/Library/PrivateFrameworks/CommonAuth.framework/Versions/A/CommonAuth
0x00007fff415f2000 	/System/Library/PrivateFrameworks/AssertionServices.framework/Versions/A/AssertionServices
0x00007fff42195000 	/System/Library/PrivateFrameworks/AudioToolboxCore.framework/Versions/A/AudioToolboxCore
0x00007fff61282000 	/System/Library/PrivateFrameworks/caulk.framework/Versions/A/caulk
0x00007fff4275e000 	/System/Library/PrivateFrameworks/BaseBoard.framework/Versions/A/BaseBoard
0x00007fff598b2000 	/System/Library/PrivateFrameworks/RunningBoardServices.framework/Versions/A/RunningBoardServices
0x00007fff568c3000 	/System/Library/PrivateFrameworks/PersistentConnection.framework/Versions/A/PersistentConnection
0x00007fff592ab000 	/System/Library/PrivateFrameworks/ProtocolBuffer.framework/Versions/A/ProtocolBuffer
0x00007fff443c8000 	/System/Library/PrivateFrameworks/CommonUtilities.framework/Versions/A/CommonUtilities
0x00007fff428ec000 	/System/Library/PrivateFrameworks/Bom.framework/Versions/A/Bom
0x00007fff640b8000 	/usr/lib/libAudioToolboxUtility.dylib
0x00007fff426bc000 	/System/Library/PrivateFrameworks/Backup.framework/Versions/A/Backup
0x00007fff4749a000 	/System/Library/PrivateFrameworks/CrashReporterSupport.framework/Versions/A/CrashReporterSupport
0x00007fff5b344000 	/System/Library/PrivateFrameworks/Sharing.framework/Versions/A/Sharing
0x00007fff40c00000 	/System/Library/PrivateFrameworks/Apple80211.framework/Versions/A/Apple80211
0x00007fff423d9000 	/System/Library/PrivateFrameworks/AuthKit.framework/Versions/A/AuthKit
0x00007fff471a7000 	/System/Library/PrivateFrameworks/CoreUtils.framework/Versions/A/CoreUtils
0x00007fff2f5e5000 	/System/Library/Frameworks/CoreWLAN.framework/Versions/A/CoreWLAN
0x00007fff30209000 	/System/Library/Frameworks/IOBluetooth.framework/Versions/A/IOBluetooth
0x00007fff5447d000 	/System/Library/PrivateFrameworks/MobileKeyBag.framework/Versions/A/MobileKeyBag
0x00007fff45fac000 	/System/Library/PrivateFrameworks/CorePhoneNumbers.framework/Versions/A/CorePhoneNumbers
0x00007fff40ff0000 	/System/Library/PrivateFrameworks/AppleIDAuthSupport.framework/Versions/A/AppleIDAuthSupport
0x00007fff33f4d000 	/System/Library/Frameworks/Network.framework/Versions/A/Network
0x00007fff52b4b000 	/System/Library/PrivateFrameworks/KeychainCircle.framework/Versions/A/KeychainCircle
0x00007fff2d036000 	/System/Library/Frameworks/CoreBluetooth.framework/Versions/A/CoreBluetooth
0x00007fff5d3c3000 	/System/Library/PrivateFrameworks/SpeechRecognitionCore.framework/Versions/A/SpeechRecognitionCore
0x000000010c200000 	/Library/Java/JavaVirtualMachines/temurin-17.jdk/Contents/Home/lib/server/libjvm.dylib
0x000000010b90f000 	/Library/Java/JavaVirtualMachines/temurin-17.jdk/Contents/Home/lib/libjimage.dylib
0x000000010b965000 	/Library/Java/JavaVirtualMachines/temurin-17.jdk/Contents/Home/lib/libjava.dylib
0x0000000119b86000 	/Library/Java/JavaVirtualMachines/temurin-17.jdk/Contents/Home/lib/libnio.dylib
0x0000000119b9b000 	/Library/Java/JavaVirtualMachines/temurin-17.jdk/Contents/Home/lib/libnet.dylib
0x000000010b9f2000 	/Library/Java/JavaVirtualMachines/temurin-17.jdk/Contents/Home/lib/libzip.dylib
0x0000000119bb5000 	/private/var/folders/0h/s2531gr9263g01c6jyyz7z_m0000gp/T/libgdxmatthewpadilla/21f66466/libgdx64.dylib
0x0000000119bed000 	/private/var/folders/0h/s2531gr9263g01c6jyyz7z_m0000gp/T/lwjglmatthewpadilla/3.3.1-build-7/liblwjgl.dylib
0x0000000130b4c000 	/private/var/folders/0h/s2531gr9263g01c6jyyz7z_m0000gp/T/lwjglmatthewpadilla/3.3.1-build-7/libjemalloc.dylib
0x0000000119c3d000 	/private/var/folders/0h/s2531gr9263g01c6jyyz7z_m0000gp/T/lwjglmatthewpadilla/3.3.1-build-7/libglfw.dylib
0x00007fff469c5000 	/System/Library/PrivateFrameworks/CoreServicesInternal.framework/Versions/A/CoreServicesInternal
0x00007fff2fb04000 	/System/Library/Frameworks/FileProvider.framework/Versions/A/FileProvider
0x00007fff2a697000 	/System/Library/Frameworks/Accounts.framework/Versions/A/Accounts
0x00007fff4edaf000 	/System/Library/PrivateFrameworks/GenerationalStorage.framework/Versions/A/GenerationalStorage
0x00007fff46f4c000 	/System/Library/PrivateFrameworks/CoreSymbolication.framework/Versions/A/CoreSymbolication
0x00007fff5dc05000 	/System/Library/PrivateFrameworks/SymptomDiagnosticReporter.framework/Versions/A/SymptomDiagnosticReporter
0x00007fff40704000 	/System/Library/PrivateFrameworks/AppContainer.framework/Versions/A/AppContainer
0x00007fff66616000 	/usr/lib/libsandbox.1.dylib
0x00007fff5f577000 	/System/Library/PrivateFrameworks/UserManagement.framework/Versions/A/UserManagement
0x00007fff434a8000 	/System/Library/PrivateFrameworks/ChunkingLibrary.framework/Versions/A/ChunkingLibrary
0x00007fff476ce000 	/System/Library/PrivateFrameworks/DebugSymbols.framework/Versions/A/DebugSymbols
0x00007fff40776000 	/System/Library/PrivateFrameworks/AppSandbox.framework/Versions/A/AppSandbox
0x00007fff5b1ce000 	/System/Library/PrivateFrameworks/SecCodeWrapper.framework/Versions/A/SecCodeWrapper
0x00007fff644cd000 	/usr/lib/libMatch.1.dylib
0x00007fff60343000 	/System/Library/PrivateFrameworks/ViewBridge.framework/Versions/A/ViewBridge
0x0000000132316000 	/private/var/folders/0h/s2531gr9263g01c6jyyz7z_m0000gp/T/lwjglmatthewpadilla/3.3.1-build-7/libopenal.dylib
0x000000013245d000 	/System/Library/Components/CoreAudio.component/Contents/MacOS/CoreAudio
0x00007fff4207e000 	/System/Library/PrivateFrameworks/AudioSession.framework/Versions/A/AudioSession
0x00007fff420d0000 	/System/Library/PrivateFrameworks/AudioSession.framework/libSessionUtility.dylib
0x0000000119da8000 	/System/Library/Extensions/AppleHDA.kext/Contents/PlugIns/AppleHDAHALPlugIn.bundle/Contents/MacOS/AppleHDAHALPlugIn
0x0000000119db6000 	/usr/lib/libobjc-trampolines.dylib
0x00007fff29215000 	/System/Library/Frameworks/Accelerate.framework/Versions/A/Frameworks/vImage.framework/Versions/A/Libraries/libCGInterfaces.dylib
0x00007fff49e46000 	/System/Library/PrivateFrameworks/FontServices.framework/libTrueTypeScaler.dylib
0x00007fff615d5000 	/System/Library/PrivateFrameworks/login.framework/Versions/A/login
0x00007fff38131000 	/System/Library/Frameworks/OpenGL.framework/Versions/A/Resources/GLEngine.bundle/GLEngine
0x00007fff37514000 	/System/Library/Frameworks/OpenGL.framework/Versions/A/Libraries/libGLProgrammability.dylib
0x00007fff2288c000 	/System/Library/Extensions/AppleIntelBDWGraphicsGLDriver.bundle/Contents/MacOS/AppleIntelBDWGraphicsGLDriver
0x00007fff4ea7e000 	/System/Library/PrivateFrameworks/GPUSupport.framework/Versions/A/Libraries/libGPUSupportMercury.dylib
0x00007fff382ab000 	/System/Library/Frameworks/OpenGL.framework/Versions/A/Resources/GLRendererFloat.bundle/GLRendererFloat
0x00007fff36acd000 	/System/Library/Frameworks/OpenCL.framework/Versions/A/Libraries/libcldcpuengine.dylib
0x00000001331ed000 	/private/var/folders/0h/s2531gr9263g01c6jyyz7z_m0000gp/T/lwjglmatthewpadilla/3.3.1-build-7/liblwjgl_opengl.dylib


VM Arguments:
jvm_args: -Dfile.encoding=UTF-8 -XX:+ShowCodeDetailsInExceptionMessages 
java_command: com.onlywar.game.DesktopLauncher
java_class_path (initial): /Users/matthewpadilla/Desktop/OnlyWar/desktop/bin/main:/only-war-desktop/bin/default:/only-war-core/bin/default:/Users/matthewpadilla/Desktop/OnlyWar/core/bin/main:/Users/matthewpadilla/.gradle/caches/modules-2/files-2.1/com.badlogicgames.gdx/gdx-backend-lwjgl3/1.11.0/58a96db4cd349be4292d547856aa1e1c5f065f4e/gdx-backend-lwjgl3-1.11.0.jar:/Users/matthewpadilla/.gradle/caches/modules-2/files-2.1/com.badlogicgames.gdx/gdx-platform/1.11.0/697fb13eada6d3c6ca648c9788692b0159add126/gdx-platform-1.11.0-natives-desktop.jar:/Users/matthewpadilla/.gradle/caches/modules-2/files-2.1/com.badlogicgames.gdx/gdx-box2d-platform/1.11.0/62ff9baa1e57a11e0a4428a38c9660bf9f312fdc/gdx-box2d-platform-1.11.0-natives-desktop.jar:/Users/matthewpadilla/.gradle/caches/modules-2/files-2.1/com.badlogicgames.gdx/gdx-freetype-platform/1.11.0/420e2c2c206843a0d51010be28a141a1eb946235/gdx-freetype-platform-1.11.0-natives-desktop.jar:/Users/matthewpadilla/.gradle/caches/modules-2/files-2.1/com.badlogicgames.box2dlights/box2dlights/1.5/6902dbcd250c95a27973aa24a147a95b3828d348/box2dlights-1.5.jar:/Users/matthewpadilla/.gradle/caches/modules-2/files-2.1/com.badlogicgames.gdx/gdx-box2d/1.11.0/ad4facee800dd945d6d6e93dea2936bc135b5f/gdx-box2d-1.11.0.jar:/Users/matthewpadilla/.gradle/caches/modules-2/files-2.1/com.badlogicgames.gdx/gdx-freetype/1.11.0/a3634ad2e6c56d251268d6ab5c0f66eee2841f2c/gdx-freetype-1.11.0.jar:/Users/matthewpadilla/.gradle/caches/modules-2/files-2.1/com.badlogicgames.ashley/ashley/1.7.4/21a3a8932919099c4e5006a7d8378dcbe76ef8a5/ashley-1.7.4.jar:/Users/matthewpadilla/.gradle/caches/modules-2/files-2.1/com.badlogicgames.gdx/gdx/1.11.0/ffe1206d1004cd9e40027e28964be0fea0399af7/gdx-1.11.0.jar:/Users/matthewpadilla/.gradle/caches/modules-2/files-2.1/org.lwjgl/lwjgl-glfw/3.3.1/cbac1b8d30cb4795149c1ef540f912671a8616d0/lwjgl-glfw-3.3.1.jar:/Users/matthewpadilla/.gradle/caches/modules-2/files-2.1/org.lwjgl/lwjgl-glfw/3.3.1/81716978214ecbda15050ca394b06ef61501a49e/lwjgl-g
Launcher Type: SUN_STANDARD

[Global flags]
     intx CICompilerCount                          = 3                                         {product} {ergonomic}
     uint ConcGCThreads                            = 1                                         {product} {ergonomic}
     uint G1ConcRefinementThreads                  = 4                                         {product} {ergonomic}
   size_t G1HeapRegionSize                         = 1048576                                   {product} {ergonomic}
    uintx GCDrainStackTargetSize                   = 64                                        {product} {ergonomic}
   size_t InitialHeapSize                          = 134217728                                 {product} {ergonomic}
   size_t MarkStackSize                            = 4194304                                   {product} {ergonomic}
   size_t MaxHeapSize                              = 2147483648                                {product} {ergonomic}
   size_t MaxNewSize                               = 1287651328                                {product} {ergonomic}
   size_t MinHeapDeltaBytes                        = 1048576                                   {product} {ergonomic}
   size_t MinHeapSize                              = 8388608                                   {product} {ergonomic}
    uintx NonNMethodCodeHeapSize                   = 5832780                                {pd product} {ergonomic}
    uintx NonProfiledCodeHeapSize                  = 122912730                              {pd product} {ergonomic}
    uintx ProfiledCodeHeapSize                     = 122912730                              {pd product} {ergonomic}
    uintx ReservedCodeCacheSize                    = 251658240                              {pd product} {ergonomic}
     bool SegmentedCodeCache                       = true                                      {product} {ergonomic}
     bool ShowCodeDetailsInExceptionMessages       = true                                   {manageable} {command line}
   size_t SoftMaxHeapSize                          = 2147483648                             {manageable} {ergonomic}
     bool UseCompressedClassPointers               = true                           {product lp64_product} {ergonomic}
     bool UseCompressedOops                        = true                           {product lp64_product} {ergonomic}
     bool UseG1GC                                  = true                                      {product} {ergonomic}
     bool UseNUMA                                  = false                                     {product} {ergonomic}
     bool UseNUMAInterleaving                      = false                                     {product} {ergonomic}

Logging:
Log output configuration:
 #0: stdout all=warning uptime,level,tags
 #1: stderr all=off uptime,level,tags

Environment Variables:
PATH=/usr/bin:/bin:/usr/sbin:/sbin
SHELL=/bin/zsh
TMPDIR=/var/folders/0h/s2531gr9263g01c6jyyz7z_m0000gp/T/

Active Locale:
LC_ALL=C
LC_COLLATE=C
LC_CTYPE=C
LC_MESSAGES=C
LC_MONETARY=C
LC_NUMERIC=C
LC_TIME=C

Signal Handlers:
   SIGSEGV: _ZL13crash_handleriP9__siginfoPv in libjvm.dylib, mask=11100110000111110111111111111111, flags=SA_RESTART|SA_SIGINFO, unblocked
    SIGBUS: _ZL13crash_handleriP9__siginfoPv in libjvm.dylib, mask=11100110000111110111111111111111, flags=SA_RESTART|SA_SIGINFO, unblocked
    SIGFPE: _ZL13crash_handleriP9__siginfoPv in libjvm.dylib, mask=11100110000111110111111111111111, flags=SA_RESTART|SA_SIGINFO, unblocked
   SIGPIPE: _ZL17javaSignalHandleriP9__siginfoPv in libjvm.dylib, mask=11100110000111110111111111111111, flags=SA_RESTART|SA_SIGINFO, blocked
   SIGXFSZ: _ZL17javaSignalHandleriP9__siginfoPv in libjvm.dylib, mask=11100110000111110111111111111111, flags=SA_RESTART|SA_SIGINFO, blocked
    SIGILL: _ZL13crash_handleriP9__siginfoPv in libjvm.dylib, mask=11100110000111110111111111111111, flags=SA_RESTART|SA_SIGINFO, unblocked
   SIGUSR2: _ZL10SR_handleriP9__siginfoP17__darwin_ucontext in libjvm.dylib, mask=00100000000000000000000000000000, flags=SA_RESTART|SA_SIGINFO, blocked
    SIGHUP: _ZL11UserHandleriPvS_ in libjvm.dylib, mask=11100110000111110111111111111111, flags=SA_RESTART|SA_SIGINFO, blocked
    SIGINT: _ZL11UserHandleriPvS_ in libjvm.dylib, mask=11100110000111110111111111111111, flags=SA_RESTART|SA_SIGINFO, blocked
   SIGTERM: _ZL11UserHandleriPvS_ in libjvm.dylib, mask=11100110000111110111111111111111, flags=SA_RESTART|SA_SIGINFO, blocked
   SIGQUIT: _ZL11UserHandleriPvS_ in libjvm.dylib, mask=11100110000111110111111111111111, flags=SA_RESTART|SA_SIGINFO, blocked
   SIGTRAP: _ZL13crash_handleriP9__siginfoPv in libjvm.dylib, mask=11100110000111110111111111111111, flags=SA_RESTART|SA_SIGINFO, unblocked


---------------  S Y S T E M  ---------------

OS:
uname: Darwin 19.6.0 Darwin Kernel Version 19.6.0: Tue Jan 12 22:13:05 PST 2021; root:xnu-6153.141.16~1/RELEASE_X86_64 x86_64
OS uptime: 6 days 20:10 hours
rlimit (soft/hard): STACK 8192k/65532k , CORE 0k/infinity , NPROC 1392/2088 , NOFILE 10240/infinity , AS infinity/infinity , CPU infinity/infinity , DATA infinity/infinity , FSIZE infinity/infinity , MEMLOCK infinity/infinity , RSS infinity/infinity
load average: 3.32 5.64 3.74

CPU: total 4 (initial active 4) (2 cores per cpu, 2 threads per core) family 6 model 61 stepping 4 microcode 0x2f, cx8, cmov, fxsr, ht, mmx, 3dnowpref, sse, sse2, sse3, ssse3, sse4.1, sse4.2, popcnt, lzcnt, tsc, tscinvbit, avx, avx2, aes, erms, clmul, bmi1, bmi2, rtm, adx, fma, vzeroupper, clflush

Memory: 4k page, physical 8388608k(323356k free), swap 2097152k(865280k free)

vm_info: OpenJDK 64-Bit Server VM (17.0.7+7) for bsd-amd64 JRE (17.0.7+7), built on Apr 18 2023 21:54:37 by "temurin" with clang 4.2.1 Compatible Apple LLVM 10.0.1 (clang-1001.0.46.4)

END.
